2020-03-11 11:14:25:207 DEBUG [cloud-consumer-openfeign-order] [http-nio-80-exec-8] com.czp.springcloud.feign.FeignOrderService   [FeignOrderService#getPaymentById] date: Wed, 11 Mar 2020 03:14:24 GMT
2020-03-11 11:14:25:208 DEBUG [cloud-consumer-openfeign-order] [http-nio-80-exec-8] com.czp.springcloud.feign.FeignOrderService   [FeignOrderService#getPaymentById] keep-alive: timeout=60
2020-03-11 11:14:25:208 DEBUG [cloud-consumer-openfeign-order] [http-nio-80-exec-8] com.czp.springcloud.feign.FeignOrderService   [FeignOrderService#getPaymentById] transfer-encoding: chunked
2020-03-11 11:14:25:208 DEBUG [cloud-consumer-openfeign-order] [http-nio-80-exec-8] com.czp.springcloud.feign.FeignOrderService   [FeignOrderService#getPaymentById] 
2020-03-11 11:14:25:244 DEBUG [cloud-consumer-openfeign-order] [http-nio-80-exec-8] com.czp.springcloud.feign.FeignOrderService   [FeignOrderService#getPaymentById] {"msg":"请求成功","code":200,"data":{"id":1,"serial":"czp"}}
2020-03-11 11:14:25:245 DEBUG [cloud-consumer-openfeign-order] [http-nio-80-exec-8] com.czp.springcloud.feign.FeignOrderService   [FeignOrderService#getPaymentById] <--- END HTTP (64-byte body)
2020-03-11 11:14:25:332 DEBUG [cloud-consumer-openfeign-order] [http-nio-80-exec-9] com.czp.springcloud.feign.FeignOrderService   [FeignOrderService#getPaymentById] ---> GET http://cloud-payment-service/payment/get/1 HTTP/1.1
2020-03-11 11:14:25:332 DEBUG [cloud-consumer-openfeign-order] [http-nio-80-exec-9] com.czp.springcloud.feign.FeignOrderService   [FeignOrderService#getPaymentById] ---> END HTTP (0-byte body)
2020-03-11 11:14:25:336 DEBUG [cloud-consumer-openfeign-order] [http-nio-80-exec-9] com.czp.springcloud.feign.FeignOrderService   [FeignOrderService#getPaymentById] <--- HTTP/1.1 200 (4ms)
2020-03-11 11:14:25:337 DEBUG [cloud-consumer-openfeign-order] [http-nio-80-exec-9] com.czp.springcloud.feign.FeignOrderService   [FeignOrderService#getPaymentById] connection: keep-alive
2020-03-11 11:14:25:337 DEBUG [cloud-consumer-openfeign-order] [http-nio-80-exec-9] com.czp.springcloud.feign.FeignOrderService   [FeignOrderService#getPaymentById] content-type: application/json
2020-03-11 11:14:25:337 DEBUG [cloud-consumer-openfeign-order] [http-nio-80-exec-9] com.czp.springcloud.feign.FeignOrderService   [FeignOrderService#getPaymentById] date: Wed, 11 Mar 2020 03:14:24 GMT
2020-03-11 11:14:25:337 DEBUG [cloud-consumer-openfeign-order] [http-nio-80-exec-9] com.czp.springcloud.feign.FeignOrderService   [FeignOrderService#getPaymentById] keep-alive: timeout=60
2020-03-11 11:14:25:337 DEBUG [cloud-consumer-openfeign-order] [http-nio-80-exec-9] com.czp.springcloud.feign.FeignOrderService   [FeignOrderService#getPaymentById] transfer-encoding: chunked
2020-03-11 11:14:25:337 DEBUG [cloud-consumer-openfeign-order] [http-nio-80-exec-9] com.czp.springcloud.feign.FeignOrderService   [FeignOrderService#getPaymentById] 
2020-03-11 11:14:25:337 DEBUG [cloud-consumer-openfeign-order] [http-nio-80-exec-9] com.czp.springcloud.feign.FeignOrderService   [FeignOrderService#getPaymentById] {"msg":"请求成功","code":200,"data":{"id":1,"serial":"czp"}}
2020-03-11 11:14:25:337 DEBUG [cloud-consumer-openfeign-order] [http-nio-80-exec-9] com.czp.springcloud.feign.FeignOrderService   [FeignOrderService#getPaymentById] <--- END HTTP (64-byte body)
2020-03-11 11:14:25:422 DEBUG [cloud-consumer-openfeign-order] [http-nio-80-exec-10] com.czp.springcloud.feign.FeignOrderService   [FeignOrderService#getPaymentById] ---> GET http://cloud-payment-service/payment/get/1 HTTP/1.1
2020-03-11 11:14:25:422 DEBUG [cloud-consumer-openfeign-order] [http-nio-80-exec-10] com.czp.springcloud.feign.FeignOrderService   [FeignOrderService#getPaymentById] ---> END HTTP (0-byte body)
2020-03-11 11:14:25:426 DEBUG [cloud-consumer-openfeign-order] [http-nio-80-exec-10] com.czp.springcloud.feign.FeignOrderService   [FeignOrderService#getPaymentById] <--- HTTP/1.1 200 (3ms)
2020-03-11 11:14:25:426 DEBUG [cloud-consumer-openfeign-order] [http-nio-80-exec-10] com.czp.springcloud.feign.FeignOrderService   [FeignOrderService#getPaymentById] connection: keep-alive
2020-03-11 11:14:25:426 DEBUG [cloud-consumer-openfeign-order] [http-nio-80-exec-10] com.czp.springcloud.feign.FeignOrderService   [FeignOrderService#getPaymentById] content-type: application/json
2020-03-11 11:14:25:426 DEBUG [cloud-consumer-openfeign-order] [http-nio-80-exec-10] com.czp.springcloud.feign.FeignOrderService   [FeignOrderService#getPaymentById] date: Wed, 11 Mar 2020 03:14:24 GMT
2020-03-11 11:14:25:426 DEBUG [cloud-consumer-openfeign-order] [http-nio-80-exec-10] com.czp.springcloud.feign.FeignOrderService   [FeignOrderService#getPaymentById] keep-alive: timeout=60
2020-03-11 11:14:25:426 DEBUG [cloud-consumer-openfeign-order] [http-nio-80-exec-10] com.czp.springcloud.feign.FeignOrderService   [FeignOrderService#getPaymentById] transfer-encoding: chunked
2020-03-11 11:14:25:426 DEBUG [cloud-consumer-openfeign-order] [http-nio-80-exec-10] com.czp.springcloud.feign.FeignOrderService   [FeignOrderService#getPaymentById] 
2020-03-11 11:14:25:427 DEBUG [cloud-consumer-openfeign-order] [http-nio-80-exec-10] com.czp.springcloud.feign.FeignOrderService   [FeignOrderService#getPaymentById] {"msg":"请求成功","code":200,"data":{"id":1,"serial":"czp"}}
2020-03-11 11:14:25:427 DEBUG [cloud-consumer-openfeign-order] [http-nio-80-exec-10] com.czp.springcloud.feign.FeignOrderService   [FeignOrderService#getPaymentById] <--- END HTTP (64-byte body)
2020-03-11 11:18:03:425 DEBUG [cloud-consumer-openfeign-order] [http-nio-80-exec-4] com.czp.springcloud.feign.FeignOrderService   [FeignOrderService#getPaymentById] ---> GET http://cloud-payment-service/payment/get/1 HTTP/1.1
2020-03-11 11:18:03:425 DEBUG [cloud-consumer-openfeign-order] [http-nio-80-exec-1] com.czp.springcloud.feign.FeignOrderService   [FeignOrderService#getPaymentById] ---> GET http://cloud-payment-service/payment/get/1 HTTP/1.1
2020-03-11 11:18:03:425 DEBUG [cloud-consumer-openfeign-order] [http-nio-80-exec-4] com.czp.springcloud.feign.FeignOrderService   [FeignOrderService#getPaymentById] ---> END HTTP (0-byte body)
2020-03-11 11:18:03:425 DEBUG [cloud-consumer-openfeign-order] [http-nio-80-exec-1] com.czp.springcloud.feign.FeignOrderService   [FeignOrderService#getPaymentById] ---> END HTTP (0-byte body)
2020-03-11 11:18:03:511 DEBUG [cloud-consumer-openfeign-order] [http-nio-80-exec-3] com.czp.springcloud.feign.FeignOrderService   [FeignOrderService#getPaymentById] ---> GET http://cloud-payment-service/payment/get/1 HTTP/1.1
2020-03-11 11:18:03:511 DEBUG [cloud-consumer-openfeign-order] [http-nio-80-exec-3] com.czp.springcloud.feign.FeignOrderService   [FeignOrderService#getPaymentById] ---> END HTTP (0-byte body)
2020-03-11 11:18:03:639 DEBUG [cloud-consumer-openfeign-order] [http-nio-80-exec-7] com.czp.springcloud.feign.FeignOrderService   [FeignOrderService#getPaymentById] ---> GET http://cloud-payment-service/payment/get/1 HTTP/1.1
2020-03-11 11:18:03:639 DEBUG [cloud-consumer-openfeign-order] [http-nio-80-exec-7] com.czp.springcloud.feign.FeignOrderService   [FeignOrderService#getPaymentById] ---> END HTTP (0-byte body)
2020-03-11 11:18:03:770 DEBUG [cloud-consumer-openfeign-order] [http-nio-80-exec-4] com.czp.springcloud.feign.FeignOrderService   [FeignOrderService#getPaymentById] <--- HTTP/1.1 200 (344ms)
2020-03-11 11:18:03:770 DEBUG [cloud-consumer-openfeign-order] [http-nio-80-exec-1] com.czp.springcloud.feign.FeignOrderService   [FeignOrderService#getPaymentById] <--- HTTP/1.1 200 (344ms)
2020-03-11 11:18:03:770 DEBUG [cloud-consumer-openfeign-order] [http-nio-80-exec-7] com.czp.springcloud.feign.FeignOrderService   [FeignOrderService#getPaymentById] <--- HTTP/1.1 200 (130ms)
2020-03-11 11:18:03:770 DEBUG [cloud-consumer-openfeign-order] [http-nio-80-exec-2] com.czp.springcloud.feign.FeignOrderService   [FeignOrderService#getPaymentById] ---> GET http://cloud-payment-service/payment/get/1 HTTP/1.1
2020-03-11 11:18:03:770 DEBUG [cloud-consumer-openfeign-order] [http-nio-80-exec-1] com.czp.springcloud.feign.FeignOrderService   [FeignOrderService#getPaymentById] connection: keep-alive
2020-03-11 11:18:03:770 DEBUG [cloud-consumer-openfeign-order] [http-nio-80-exec-2] com.czp.springcloud.feign.FeignOrderService   [FeignOrderService#getPaymentById] ---> END HTTP (0-byte body)
2020-03-11 11:18:03:770 DEBUG [cloud-consumer-openfeign-order] [http-nio-80-exec-1] com.czp.springcloud.feign.FeignOrderService   [FeignOrderService#getPaymentById] content-type: application/json
2020-03-11 11:18:03:771 DEBUG [cloud-consumer-openfeign-order] [http-nio-80-exec-1] com.czp.springcloud.feign.FeignOrderService   [FeignOrderService#getPaymentById] date: Wed, 11 Mar 2020 03:18:03 GMT
2020-03-11 11:18:03:771 DEBUG [cloud-consumer-openfeign-order] [http-nio-80-exec-7] com.czp.springcloud.feign.FeignOrderService   [FeignOrderService#getPaymentById] connection: keep-alive
2020-03-11 11:18:03:771 DEBUG [cloud-consumer-openfeign-order] [http-nio-80-exec-4] com.czp.springcloud.feign.FeignOrderService   [FeignOrderService#getPaymentById] connection: keep-alive
2020-03-11 11:18:03:771 DEBUG [cloud-consumer-openfeign-order] [http-nio-80-exec-3] com.czp.springcloud.feign.FeignOrderService   [FeignOrderService#getPaymentById] <--- HTTP/1.1 200 (259ms)
2020-03-11 11:18:03:771 DEBUG [cloud-consumer-openfeign-order] [http-nio-80-exec-7] com.czp.springcloud.feign.FeignOrderService   [FeignOrderService#getPaymentById] content-type: application/json
2020-03-11 11:18:03:771 DEBUG [cloud-consumer-openfeign-order] [http-nio-80-exec-4] com.czp.springcloud.feign.FeignOrderService   [FeignOrderService#getPaymentById] content-type: application/json
2020-03-11 11:18:03:771 DEBUG [cloud-consumer-openfeign-order] [http-nio-80-exec-1] com.czp.springcloud.feign.FeignOrderService   [FeignOrderService#getPaymentById] keep-alive: timeout=60
2020-03-11 11:18:03:771 DEBUG [cloud-consumer-openfeign-order] [http-nio-80-exec-7] com.czp.springcloud.feign.FeignOrderService   [FeignOrderService#getPaymentById] date: Wed, 11 Mar 2020 03:18:03 GMT
2020-03-11 11:18:03:771 DEBUG [cloud-consumer-openfeign-order] [http-nio-80-exec-4] com.czp.springcloud.feign.FeignOrderService   [FeignOrderService#getPaymentById] date: Wed, 11 Mar 2020 03:18:03 GMT
2020-03-11 11:18:03:771 DEBUG [cloud-consumer-openfeign-order] [http-nio-80-exec-3] com.czp.springcloud.feign.FeignOrderService   [FeignOrderService#getPaymentById] connection: keep-alive
2020-03-11 11:18:03:771 DEBUG [cloud-consumer-openfeign-order] [http-nio-80-exec-1] com.czp.springcloud.feign.FeignOrderService   [FeignOrderService#getPaymentById] transfer-encoding: chunked
2020-03-11 11:18:03:771 DEBUG [cloud-consumer-openfeign-order] [http-nio-80-exec-7] com.czp.springcloud.feign.FeignOrderService   [FeignOrderService#getPaymentById] keep-alive: timeout=60
2020-03-11 11:18:03:771 DEBUG [cloud-consumer-openfeign-order] [http-nio-80-exec-4] com.czp.springcloud.feign.FeignOrderService   [FeignOrderService#getPaymentById] keep-alive: timeout=60
2020-03-11 11:18:03:771 DEBUG [cloud-consumer-openfeign-order] [http-nio-80-exec-1] com.czp.springcloud.feign.FeignOrderService   [FeignOrderService#getPaymentById] 
2020-03-11 11:18:03:771 DEBUG [cloud-consumer-openfeign-order] [http-nio-80-exec-3] com.czp.springcloud.feign.FeignOrderService   [FeignOrderService#getPaymentById] content-type: application/json
2020-03-11 11:18:03:771 DEBUG [cloud-consumer-openfeign-order] [http-nio-80-exec-7] com.czp.springcloud.feign.FeignOrderService   [FeignOrderService#getPaymentById] transfer-encoding: chunked
2020-03-11 11:18:03:771 DEBUG [cloud-consumer-openfeign-order] [http-nio-80-exec-4] com.czp.springcloud.feign.FeignOrderService   [FeignOrderService#getPaymentById] transfer-encoding: chunked
2020-03-11 11:18:03:771 DEBUG [cloud-consumer-openfeign-order] [http-nio-80-exec-3] com.czp.springcloud.feign.FeignOrderService   [FeignOrderService#getPaymentById] date: Wed, 11 Mar 2020 03:18:03 GMT
2020-03-11 11:18:03:771 DEBUG [cloud-consumer-openfeign-order] [http-nio-80-exec-7] com.czp.springcloud.feign.FeignOrderService   [FeignOrderService#getPaymentById] 
2020-03-11 11:18:03:771 DEBUG [cloud-consumer-openfeign-order] [http-nio-80-exec-4] com.czp.springcloud.feign.FeignOrderService   [FeignOrderService#getPaymentById] 
2020-03-11 11:18:03:771 DEBUG [cloud-consumer-openfeign-order] [http-nio-80-exec-3] com.czp.springcloud.feign.FeignOrderService   [FeignOrderService#getPaymentById] keep-alive: timeout=60
2020-03-11 11:18:03:772 DEBUG [cloud-consumer-openfeign-order] [http-nio-80-exec-3] com.czp.springcloud.feign.FeignOrderService   [FeignOrderService#getPaymentById] transfer-encoding: chunked
2020-03-11 11:18:03:772 DEBUG [cloud-consumer-openfeign-order] [http-nio-80-exec-3] com.czp.springcloud.feign.FeignOrderService   [FeignOrderService#getPaymentById] 
2020-03-11 11:18:03:773 DEBUG [cloud-consumer-openfeign-order] [http-nio-80-exec-4] com.czp.springcloud.feign.FeignOrderService   [FeignOrderService#getPaymentById] {"msg":"请求成功","code":200,"data":{"id":1,"serial":"czp"}}
2020-03-11 11:18:03:773 DEBUG [cloud-consumer-openfeign-order] [http-nio-80-exec-7] com.czp.springcloud.feign.FeignOrderService   [FeignOrderService#getPaymentById] {"msg":"请求成功","code":200,"data":{"id":1,"serial":"czp"}}
2020-03-11 11:18:03:773 DEBUG [cloud-consumer-openfeign-order] [http-nio-80-exec-3] com.czp.springcloud.feign.FeignOrderService   [FeignOrderService#getPaymentById] {"msg":"请求成功","code":200,"data":{"id":1,"serial":"czp"}}
2020-03-11 11:18:03:774 DEBUG [cloud-consumer-openfeign-order] [http-nio-80-exec-1] com.czp.springcloud.feign.FeignOrderService   [FeignOrderService#getPaymentById] {"msg":"请求成功","code":200,"data":{"id":1,"serial":"czp"}}
2020-03-11 11:18:03:774 DEBUG [cloud-consumer-openfeign-order] [http-nio-80-exec-3] com.czp.springcloud.feign.FeignOrderService   [FeignOrderService#getPaymentById] <--- END HTTP (64-byte body)
2020-03-11 11:18:03:774 DEBUG [cloud-consumer-openfeign-order] [http-nio-80-exec-4] com.czp.springcloud.feign.FeignOrderService   [FeignOrderService#getPaymentById] <--- END HTTP (64-byte body)
2020-03-11 11:18:03:774 DEBUG [cloud-consumer-openfeign-order] [http-nio-80-exec-1] com.czp.springcloud.feign.FeignOrderService   [FeignOrderService#getPaymentById] <--- END HTTP (64-byte body)
2020-03-11 11:18:03:774 DEBUG [cloud-consumer-openfeign-order] [http-nio-80-exec-7] com.czp.springcloud.feign.FeignOrderService   [FeignOrderService#getPaymentById] <--- END HTTP (64-byte body)
2020-03-11 11:18:03:776 DEBUG [cloud-consumer-openfeign-order] [http-nio-80-exec-2] com.czp.springcloud.feign.FeignOrderService   [FeignOrderService#getPaymentById] <--- HTTP/1.1 200 (5ms)
2020-03-11 11:18:03:776 DEBUG [cloud-consumer-openfeign-order] [http-nio-80-exec-2] com.czp.springcloud.feign.FeignOrderService   [FeignOrderService#getPaymentById] connection: keep-alive
2020-03-11 11:18:03:776 DEBUG [cloud-consumer-openfeign-order] [http-nio-80-exec-2] com.czp.springcloud.feign.FeignOrderService   [FeignOrderService#getPaymentById] content-type: application/json
2020-03-11 11:18:03:776 DEBUG [cloud-consumer-openfeign-order] [http-nio-80-exec-2] com.czp.springcloud.feign.FeignOrderService   [FeignOrderService#getPaymentById] date: Wed, 11 Mar 2020 03:18:03 GMT
2020-03-11 11:18:03:776 DEBUG [cloud-consumer-openfeign-order] [http-nio-80-exec-2] com.czp.springcloud.feign.FeignOrderService   [FeignOrderService#getPaymentById] keep-alive: timeout=60
2020-03-11 11:18:03:776 DEBUG [cloud-consumer-openfeign-order] [http-nio-80-exec-2] com.czp.springcloud.feign.FeignOrderService   [FeignOrderService#getPaymentById] transfer-encoding: chunked
2020-03-11 11:18:03:776 DEBUG [cloud-consumer-openfeign-order] [http-nio-80-exec-2] com.czp.springcloud.feign.FeignOrderService   [FeignOrderService#getPaymentById] 
2020-03-11 11:18:03:776 DEBUG [cloud-consumer-openfeign-order] [http-nio-80-exec-2] com.czp.springcloud.feign.FeignOrderService   [FeignOrderService#getPaymentById] {"msg":"请求成功","code":200,"data":{"id":1,"serial":"czp"}}
2020-03-11 11:18:03:776 DEBUG [cloud-consumer-openfeign-order] [http-nio-80-exec-2] com.czp.springcloud.feign.FeignOrderService   [FeignOrderService#getPaymentById] <--- END HTTP (64-byte body)
2020-03-11 11:18:03:906 DEBUG [cloud-consumer-openfeign-order] [http-nio-80-exec-6] com.czp.springcloud.feign.FeignOrderService   [FeignOrderService#getPaymentById] ---> GET http://cloud-payment-service/payment/get/1 HTTP/1.1
2020-03-11 11:18:03:906 DEBUG [cloud-consumer-openfeign-order] [http-nio-80-exec-6] com.czp.springcloud.feign.FeignOrderService   [FeignOrderService#getPaymentById] ---> END HTTP (0-byte body)
2020-03-11 11:18:03:911 DEBUG [cloud-consumer-openfeign-order] [http-nio-80-exec-6] com.czp.springcloud.feign.FeignOrderService   [FeignOrderService#getPaymentById] <--- HTTP/1.1 200 (4ms)
2020-03-11 11:18:03:911 DEBUG [cloud-consumer-openfeign-order] [http-nio-80-exec-6] com.czp.springcloud.feign.FeignOrderService   [FeignOrderService#getPaymentById] connection: keep-alive
2020-03-11 11:18:03:912 DEBUG [cloud-consumer-openfeign-order] [http-nio-80-exec-6] com.czp.springcloud.feign.FeignOrderService   [FeignOrderService#getPaymentById] content-type: application/json
2020-03-11 11:18:03:912 DEBUG [cloud-consumer-openfeign-order] [http-nio-80-exec-6] com.czp.springcloud.feign.FeignOrderService   [FeignOrderService#getPaymentById] date: Wed, 11 Mar 2020 03:18:03 GMT
2020-03-11 11:18:03:912 DEBUG [cloud-consumer-openfeign-order] [http-nio-80-exec-6] com.czp.springcloud.feign.FeignOrderService   [FeignOrderService#getPaymentById] keep-alive: timeout=60
2020-03-11 11:18:03:912 DEBUG [cloud-consumer-openfeign-order] [http-nio-80-exec-6] com.czp.springcloud.feign.FeignOrderService   [FeignOrderService#getPaymentById] transfer-encoding: chunked
2020-03-11 11:18:03:912 DEBUG [cloud-consumer-openfeign-order] [http-nio-80-exec-6] com.czp.springcloud.feign.FeignOrderService   [FeignOrderService#getPaymentById] 
2020-03-11 11:18:03:912 DEBUG [cloud-consumer-openfeign-order] [http-nio-80-exec-6] com.czp.springcloud.feign.FeignOrderService   [FeignOrderService#getPaymentById] {"msg":"请求成功","code":200,"data":{"id":1,"serial":"czp"}}
2020-03-11 11:18:03:912 DEBUG [cloud-consumer-openfeign-order] [http-nio-80-exec-6] com.czp.springcloud.feign.FeignOrderService   [FeignOrderService#getPaymentById] <--- END HTTP (64-byte body)
