2020-03-11 11:13:12:661 INFO  [cloud-consumer-openfeign-order] [main] com.czp.springcloud.OrderFeignMain80   No active profile set, falling back to default profiles: default
2020-03-11 11:13:13:523 INFO  [cloud-consumer-openfeign-order] [main] org.springframework.cloud.context.scope.GenericScope   BeanFactory id=634ce722-8c71-363e-94a9-795774482a58
2020-03-11 11:13:13:599 INFO  [cloud-consumer-openfeign-order] [main] org.springframework.context.support.PostProcessorRegistrationDelegate$BeanPostProcessorChecker   Bean 'com.czp.springcloud.feign.FeignOrderService' of type [org.springframework.cloud.openfeign.FeignClientFactoryBean] is not eligible for getting processed by all BeanPostProcessors (for example: not eligible for auto-proxying)
2020-03-11 11:13:13:896 INFO  [cloud-consumer-openfeign-order] [main] org.springframework.boot.web.embedded.tomcat.TomcatWebServer   Tomcat initialized with port(s): 80 (http)
2020-03-11 11:13:13:906 INFO  [cloud-consumer-openfeign-order] [main] org.apache.coyote.http11.Http11NioProtocol   Initializing ProtocolHandler ["http-nio-80"]
2020-03-11 11:13:13:906 INFO  [cloud-consumer-openfeign-order] [main] org.apache.catalina.core.StandardService   Starting service [Tomcat]
2020-03-11 11:13:13:907 INFO  [cloud-consumer-openfeign-order] [main] org.apache.catalina.core.StandardEngine   Starting Servlet engine: [Apache Tomcat/9.0.29]
2020-03-11 11:13:14:059 INFO  [cloud-consumer-openfeign-order] [main] org.apache.catalina.core.ContainerBase.[Tomcat].[localhost].[/]   Initializing Spring embedded WebApplicationContext
2020-03-11 11:13:14:059 INFO  [cloud-consumer-openfeign-order] [main] org.springframework.web.context.ContextLoader   Root WebApplicationContext: initialization completed in 1371 ms
2020-03-11 11:13:14:133 INFO  [cloud-consumer-openfeign-order] [main] com.netflix.config.sources.URLConfigurationSource   To enable URLs as dynamic configuration sources, define System property archaius.configurationSource.additionalUrls or make config.properties available on classpath.
2020-03-11 11:13:14:143 INFO  [cloud-consumer-openfeign-order] [main] com.netflix.config.DynamicPropertyFactory   DynamicPropertyFactory is initialized with configuration sources: com.netflix.config.ConcurrentCompositeConfiguration@2287395
2020-03-11 11:13:15:570 INFO  [cloud-consumer-openfeign-order] [main] com.netflix.config.sources.URLConfigurationSource   To enable URLs as dynamic configuration sources, define System property archaius.configurationSource.additionalUrls or make config.properties available on classpath.
2020-03-11 11:13:15:680 INFO  [cloud-consumer-openfeign-order] [main] org.springframework.scheduling.concurrent.ThreadPoolTaskExecutor   Initializing ExecutorService 'applicationTaskExecutor'
2020-03-11 11:13:17:754 INFO  [cloud-consumer-openfeign-order] [main] org.springframework.boot.actuate.endpoint.web.EndpointLinksResolver   Exposing 2 endpoint(s) beneath base path '/actuator'
2020-03-11 11:13:17:824 INFO  [cloud-consumer-openfeign-order] [main] org.springframework.cloud.netflix.eureka.InstanceInfoFactory   Setting initial instance status as: STARTING
2020-03-11 11:13:17:862 INFO  [cloud-consumer-openfeign-order] [main] com.netflix.discovery.DiscoveryClient   Initializing Eureka in region us-east-1
2020-03-11 11:13:18:682 INFO  [cloud-consumer-openfeign-order] [main] com.netflix.discovery.provider.DiscoveryJerseyProvider   Using JSON encoding codec LegacyJacksonJson
2020-03-11 11:13:18:682 INFO  [cloud-consumer-openfeign-order] [main] com.netflix.discovery.provider.DiscoveryJerseyProvider   Using JSON decoding codec LegacyJacksonJson
2020-03-11 11:13:18:817 INFO  [cloud-consumer-openfeign-order] [main] com.netflix.discovery.provider.DiscoveryJerseyProvider   Using XML encoding codec XStreamXml
2020-03-11 11:13:18:817 INFO  [cloud-consumer-openfeign-order] [main] com.netflix.discovery.provider.DiscoveryJerseyProvider   Using XML decoding codec XStreamXml
2020-03-11 11:13:19:063 INFO  [cloud-consumer-openfeign-order] [main] com.netflix.discovery.shared.resolver.aws.ConfigClusterResolver   Resolving eureka endpoints via configuration
2020-03-11 11:13:19:684 INFO  [cloud-consumer-openfeign-order] [main] com.netflix.discovery.DiscoveryClient   Disable delta property : false
2020-03-11 11:13:19:684 INFO  [cloud-consumer-openfeign-order] [main] com.netflix.discovery.DiscoveryClient   Single vip registry refresh property : null
2020-03-11 11:13:19:684 INFO  [cloud-consumer-openfeign-order] [main] com.netflix.discovery.DiscoveryClient   Force full registry fetch : false
2020-03-11 11:13:19:685 INFO  [cloud-consumer-openfeign-order] [main] com.netflix.discovery.DiscoveryClient   Application is null : false
2020-03-11 11:13:19:685 INFO  [cloud-consumer-openfeign-order] [main] com.netflix.discovery.DiscoveryClient   Registered Applications size is zero : true
2020-03-11 11:13:19:685 INFO  [cloud-consumer-openfeign-order] [main] com.netflix.discovery.DiscoveryClient   Application version is -1: true
2020-03-11 11:13:19:685 INFO  [cloud-consumer-openfeign-order] [main] com.netflix.discovery.DiscoveryClient   Getting all instance registry info from the eureka server
2020-03-11 11:13:19:849 INFO  [cloud-consumer-openfeign-order] [main] com.netflix.discovery.DiscoveryClient   The response status is 200
2020-03-11 11:13:19:851 INFO  [cloud-consumer-openfeign-order] [main] com.netflix.discovery.DiscoveryClient   Starting heartbeat executor: renew interval is: 30
2020-03-11 11:13:19:854 INFO  [cloud-consumer-openfeign-order] [main] com.netflix.discovery.InstanceInfoReplicator   InstanceInfoReplicator onDemand update allowed rate per min is 4
2020-03-11 11:13:19:857 INFO  [cloud-consumer-openfeign-order] [main] com.netflix.discovery.DiscoveryClient   Discovery Client initialized at timestamp 1583896399856 with initial instances count: 5
2020-03-11 11:13:19:858 INFO  [cloud-consumer-openfeign-order] [main] org.springframework.cloud.netflix.eureka.serviceregistry.EurekaServiceRegistry   Registering application CLOUD-CONSUMER-OPENFEIGN-ORDER with eureka with status UP
2020-03-11 11:13:19:858 INFO  [cloud-consumer-openfeign-order] [main] com.netflix.discovery.DiscoveryClient   Saw local status change event StatusChangeEvent [timestamp=1583896399858, current=UP, previous=STARTING]
2020-03-11 11:13:19:860 INFO  [cloud-consumer-openfeign-order] [DiscoveryClient-InstanceInfoReplicator-0] com.netflix.discovery.DiscoveryClient   DiscoveryClient_CLOUD-CONSUMER-OPENFEIGN-ORDER/orderfeign80: registering service...
2020-03-11 11:13:19:882 INFO  [cloud-consumer-openfeign-order] [main] org.apache.coyote.http11.Http11NioProtocol   Starting ProtocolHandler ["http-nio-80"]
2020-03-11 11:13:19:897 INFO  [cloud-consumer-openfeign-order] [DiscoveryClient-InstanceInfoReplicator-0] com.netflix.discovery.DiscoveryClient   DiscoveryClient_CLOUD-CONSUMER-OPENFEIGN-ORDER/orderfeign80 - registration status: 204
2020-03-11 11:13:19:907 INFO  [cloud-consumer-openfeign-order] [main] org.springframework.boot.web.embedded.tomcat.TomcatWebServer   Tomcat started on port(s): 80 (http) with context path ''
2020-03-11 11:13:19:908 INFO  [cloud-consumer-openfeign-order] [main] org.springframework.cloud.netflix.eureka.serviceregistry.EurekaAutoServiceRegistration   Updating port to 80
2020-03-11 11:13:20:821 INFO  [cloud-consumer-openfeign-order] [main] com.czp.springcloud.OrderFeignMain80   Started OrderFeignMain80 in 11.147 seconds (JVM running for 12.785)
2020-03-11 11:13:22:279 INFO  [cloud-consumer-openfeign-order] [RMI TCP Connection(3)-172.20.10.6] org.apache.catalina.core.ContainerBase.[Tomcat].[localhost].[/]   Initializing Spring DispatcherServlet 'dispatcherServlet'
2020-03-11 11:13:22:279 INFO  [cloud-consumer-openfeign-order] [RMI TCP Connection(3)-172.20.10.6] org.springframework.web.servlet.DispatcherServlet   Initializing Servlet 'dispatcherServlet'
2020-03-11 11:13:22:286 INFO  [cloud-consumer-openfeign-order] [RMI TCP Connection(3)-172.20.10.6] org.springframework.web.servlet.DispatcherServlet   Completed initialization in 7 ms
2020-03-11 11:13:33:120 INFO  [cloud-consumer-openfeign-order] [http-nio-80-exec-1] com.netflix.config.ChainedDynamicProperty   Flipping property: cloud-payment-service.ribbon.ActiveConnectionsLimit to use NEXT property: niws.loadbalancer.availabilityFilteringRule.activeConnectionsLimit = 2147483647
2020-03-11 11:13:33:151 INFO  [cloud-consumer-openfeign-order] [http-nio-80-exec-1] com.netflix.util.concurrent.ShutdownEnabledTimer   Shutdown hook installed for: NFLoadBalancer-PingTimer-cloud-payment-service
2020-03-11 11:13:33:151 INFO  [cloud-consumer-openfeign-order] [http-nio-80-exec-1] com.netflix.loadbalancer.BaseLoadBalancer   Client: cloud-payment-service instantiated a LoadBalancer: DynamicServerListLoadBalancer:{NFLoadBalancer:name=cloud-payment-service,current list of Servers=[],Load balancer stats=Zone stats: {},Server stats: []}ServerList:null
2020-03-11 11:13:33:157 INFO  [cloud-consumer-openfeign-order] [http-nio-80-exec-1] com.netflix.loadbalancer.DynamicServerListLoadBalancer   Using serverListUpdater PollingServerListUpdater
2020-03-11 11:13:33:180 INFO  [cloud-consumer-openfeign-order] [http-nio-80-exec-1] com.netflix.config.ChainedDynamicProperty   Flipping property: cloud-payment-service.ribbon.ActiveConnectionsLimit to use NEXT property: niws.loadbalancer.availabilityFilteringRule.activeConnectionsLimit = 2147483647
2020-03-11 11:13:33:181 INFO  [cloud-consumer-openfeign-order] [http-nio-80-exec-1] com.netflix.loadbalancer.DynamicServerListLoadBalancer   DynamicServerListLoadBalancer for client cloud-payment-service initialized: DynamicServerListLoadBalancer:{NFLoadBalancer:name=cloud-payment-service,current list of Servers=[172.20.10.6:8002, 172.20.10.6:8001],Load balancer stats=Zone stats: {defaultzone=[Zone:defaultzone;	Instance count:2;	Active connections count: 0;	Circuit breaker tripped count: 0;	Active connections per server: 0.0;]
},Server stats: [[Server:172.20.10.6:8001;	Zone:defaultZone;	Total Requests:0;	Successive connection failure:0;	Total blackout seconds:0;	Last connection made:Thu Jan 01 08:00:00 CST 1970;	First connection made: Thu Jan 01 08:00:00 CST 1970;	Active Connections:0;	total failure count in last (1000) msecs:0;	average resp time:0.0;	90 percentile resp time:0.0;	95 percentile resp time:0.0;	min resp time:0.0;	max resp time:0.0;	stddev resp time:0.0]
, [Server:172.20.10.6:8002;	Zone:defaultZone;	Total Requests:0;	Successive connection failure:0;	Total blackout seconds:0;	Last connection made:Thu Jan 01 08:00:00 CST 1970;	First connection made: Thu Jan 01 08:00:00 CST 1970;	Active Connections:0;	total failure count in last (1000) msecs:0;	average resp time:0.0;	90 percentile resp time:0.0;	95 percentile resp time:0.0;	min resp time:0.0;	max resp time:0.0;	stddev resp time:0.0]
]}ServerList:org.springframework.cloud.netflix.ribbon.eureka.DomainExtractingServerList@5ea65fbe
2020-03-11 11:13:34:161 INFO  [cloud-consumer-openfeign-order] [PollingServerListUpdater-0] com.netflix.config.ChainedDynamicProperty   Flipping property: cloud-payment-service.ribbon.ActiveConnectionsLimit to use NEXT property: niws.loadbalancer.availabilityFilteringRule.activeConnectionsLimit = 2147483647
2020-03-11 11:15:01:905 INFO  [cloud-consumer-openfeign-order] [Thread-38] com.netflix.loadbalancer.PollingServerListUpdater   Shutting down the Executor Pool for PollingServerListUpdater
2020-03-11 11:15:01:906 INFO  [cloud-consumer-openfeign-order] [SpringContextShutdownHook] org.springframework.cloud.netflix.eureka.serviceregistry.EurekaServiceRegistry   Unregistering application CLOUD-CONSUMER-OPENFEIGN-ORDER with eureka with status DOWN
2020-03-11 11:15:01:907 INFO  [cloud-consumer-openfeign-order] [DiscoveryClient-InstanceInfoReplicator-0] com.netflix.discovery.DiscoveryClient   DiscoveryClient_CLOUD-CONSUMER-OPENFEIGN-ORDER/orderfeign80: registering service...
2020-03-11 11:15:01:909 INFO  [cloud-consumer-openfeign-order] [SpringContextShutdownHook] org.springframework.scheduling.concurrent.ThreadPoolTaskExecutor   Shutting down ExecutorService 'applicationTaskExecutor'
2020-03-11 11:15:01:910 INFO  [cloud-consumer-openfeign-order] [DiscoveryClient-InstanceInfoReplicator-0] com.netflix.discovery.DiscoveryClient   DiscoveryClient_CLOUD-CONSUMER-OPENFEIGN-ORDER/orderfeign80 - registration status: 204
2020-03-11 11:15:01:913 INFO  [cloud-consumer-openfeign-order] [SpringContextShutdownHook] com.netflix.util.concurrent.ShutdownEnabledTimer   Shutdown hook removed for: NFLoadBalancer-PingTimer-cloud-payment-service
2020-03-11 11:15:01:915 INFO  [cloud-consumer-openfeign-order] [SpringContextShutdownHook] com.netflix.util.concurrent.ShutdownEnabledTimer   Exception caught (might be ok if at shutdown)
java.lang.IllegalStateException: Shutdown in progress
	at java.lang.ApplicationShutdownHooks.remove(ApplicationShutdownHooks.java:82)
	at java.lang.Runtime.removeShutdownHook(Runtime.java:239)
	at com.netflix.util.concurrent.ShutdownEnabledTimer.cancel(ShutdownEnabledTimer.java:70)
	at com.netflix.loadbalancer.BaseLoadBalancer.cancelPingTask(BaseLoadBalancer.java:632)
	at com.netflix.loadbalancer.BaseLoadBalancer.shutdown(BaseLoadBalancer.java:883)
	at com.netflix.loadbalancer.DynamicServerListLoadBalancer.shutdown(DynamicServerListLoadBalancer.java:285)
	at sun.reflect.NativeMethodAccessorImpl.invoke0(Native Method)
	at sun.reflect.NativeMethodAccessorImpl.invoke(NativeMethodAccessorImpl.java:62)
	at sun.reflect.DelegatingMethodAccessorImpl.invoke(DelegatingMethodAccessorImpl.java:43)
	at java.lang.reflect.Method.invoke(Method.java:498)
	at org.springframework.beans.factory.support.DisposableBeanAdapter.invokeCustomDestroyMethod(DisposableBeanAdapter.java:339)
	at org.springframework.beans.factory.support.DisposableBeanAdapter.destroy(DisposableBeanAdapter.java:273)
	at org.springframework.beans.factory.support.DefaultSingletonBeanRegistry.destroyBean(DefaultSingletonBeanRegistry.java:571)
	at org.springframework.beans.factory.support.DefaultSingletonBeanRegistry.destroySingleton(DefaultSingletonBeanRegistry.java:543)
	at org.springframework.beans.factory.support.DefaultListableBeanFactory.destroySingleton(DefaultListableBeanFactory.java:1072)
	at org.springframework.beans.factory.support.DefaultSingletonBeanRegistry.destroySingletons(DefaultSingletonBeanRegistry.java:504)
	at org.springframework.beans.factory.support.DefaultListableBeanFactory.destroySingletons(DefaultListableBeanFactory.java:1065)
	at org.springframework.context.support.AbstractApplicationContext.destroyBeans(AbstractApplicationContext.java:1060)
	at org.springframework.context.support.AbstractApplicationContext.doClose(AbstractApplicationContext.java:1029)
	at org.springframework.context.support.AbstractApplicationContext.close(AbstractApplicationContext.java:978)
	at org.springframework.cloud.context.named.NamedContextFactory.destroy(NamedContextFactory.java:92)
	at org.springframework.beans.factory.support.DisposableBeanAdapter.destroy(DisposableBeanAdapter.java:258)
	at org.springframework.beans.factory.support.DefaultSingletonBeanRegistry.destroyBean(DefaultSingletonBeanRegistry.java:571)
	at org.springframework.beans.factory.support.DefaultSingletonBeanRegistry.destroySingleton(DefaultSingletonBeanRegistry.java:543)
	at org.springframework.beans.factory.support.DefaultListableBeanFactory.destroySingleton(DefaultListableBeanFactory.java:1072)
	at org.springframework.beans.factory.support.DefaultSingletonBeanRegistry.destroySingletons(DefaultSingletonBeanRegistry.java:504)
	at org.springframework.beans.factory.support.DefaultListableBeanFactory.destroySingletons(DefaultListableBeanFactory.java:1065)
	at org.springframework.context.support.AbstractApplicationContext.destroyBeans(AbstractApplicationContext.java:1060)
	at org.springframework.context.support.AbstractApplicationContext.doClose(AbstractApplicationContext.java:1029)
	at org.springframework.context.support.AbstractApplicationContext$1.run(AbstractApplicationContext.java:948)
2020-03-11 11:15:01:920 INFO  [cloud-consumer-openfeign-order] [SpringContextShutdownHook] com.netflix.discovery.DiscoveryClient   Shutting down DiscoveryClient ...
2020-03-11 11:15:04:921 INFO  [cloud-consumer-openfeign-order] [SpringContextShutdownHook] com.netflix.discovery.DiscoveryClient   Unregistering ...
2020-03-11 11:15:04:933 INFO  [cloud-consumer-openfeign-order] [SpringContextShutdownHook] com.netflix.discovery.DiscoveryClient   DiscoveryClient_CLOUD-CONSUMER-OPENFEIGN-ORDER/orderfeign80 - deregister  status: 200
2020-03-11 11:15:04:957 INFO  [cloud-consumer-openfeign-order] [SpringContextShutdownHook] com.netflix.discovery.DiscoveryClient   Completed shut down of DiscoveryClient
2020-03-11 11:15:12:356 INFO  [cloud-consumer-openfeign-order] [main] com.czp.springcloud.OrderFeignMain80   No active profile set, falling back to default profiles: default
2020-03-11 11:15:13:345 INFO  [cloud-consumer-openfeign-order] [main] org.springframework.cloud.context.scope.GenericScope   BeanFactory id=634ce722-8c71-363e-94a9-795774482a58
2020-03-11 11:15:13:435 INFO  [cloud-consumer-openfeign-order] [main] org.springframework.context.support.PostProcessorRegistrationDelegate$BeanPostProcessorChecker   Bean 'com.czp.springcloud.feign.FeignOrderService' of type [org.springframework.cloud.openfeign.FeignClientFactoryBean] is not eligible for getting processed by all BeanPostProcessors (for example: not eligible for auto-proxying)
2020-03-11 11:15:13:723 INFO  [cloud-consumer-openfeign-order] [main] org.springframework.boot.web.embedded.tomcat.TomcatWebServer   Tomcat initialized with port(s): 80 (http)
2020-03-11 11:15:13:733 INFO  [cloud-consumer-openfeign-order] [main] org.apache.coyote.http11.Http11NioProtocol   Initializing ProtocolHandler ["http-nio-80"]
2020-03-11 11:15:13:733 INFO  [cloud-consumer-openfeign-order] [main] org.apache.catalina.core.StandardService   Starting service [Tomcat]
2020-03-11 11:15:13:734 INFO  [cloud-consumer-openfeign-order] [main] org.apache.catalina.core.StandardEngine   Starting Servlet engine: [Apache Tomcat/9.0.29]
2020-03-11 11:15:13:898 INFO  [cloud-consumer-openfeign-order] [main] org.apache.catalina.core.ContainerBase.[Tomcat].[localhost].[/]   Initializing Spring embedded WebApplicationContext
2020-03-11 11:15:13:899 INFO  [cloud-consumer-openfeign-order] [main] org.springframework.web.context.ContextLoader   Root WebApplicationContext: initialization completed in 1506 ms
2020-03-11 11:15:13:983 INFO  [cloud-consumer-openfeign-order] [main] com.netflix.config.sources.URLConfigurationSource   To enable URLs as dynamic configuration sources, define System property archaius.configurationSource.additionalUrls or make config.properties available on classpath.
2020-03-11 11:15:13:996 INFO  [cloud-consumer-openfeign-order] [main] com.netflix.config.DynamicPropertyFactory   DynamicPropertyFactory is initialized with configuration sources: com.netflix.config.ConcurrentCompositeConfiguration@abad89c
2020-03-11 11:15:15:497 INFO  [cloud-consumer-openfeign-order] [main] com.netflix.config.sources.URLConfigurationSource   To enable URLs as dynamic configuration sources, define System property archaius.configurationSource.additionalUrls or make config.properties available on classpath.
2020-03-11 11:15:15:649 INFO  [cloud-consumer-openfeign-order] [main] org.springframework.scheduling.concurrent.ThreadPoolTaskExecutor   Initializing ExecutorService 'applicationTaskExecutor'
2020-03-11 11:15:17:798 INFO  [cloud-consumer-openfeign-order] [main] org.springframework.boot.actuate.endpoint.web.EndpointLinksResolver   Exposing 2 endpoint(s) beneath base path '/actuator'
2020-03-11 11:15:17:869 INFO  [cloud-consumer-openfeign-order] [main] org.springframework.cloud.netflix.eureka.InstanceInfoFactory   Setting initial instance status as: STARTING
2020-03-11 11:15:17:907 INFO  [cloud-consumer-openfeign-order] [main] com.netflix.discovery.DiscoveryClient   Initializing Eureka in region us-east-1
2020-03-11 11:15:18:699 INFO  [cloud-consumer-openfeign-order] [main] com.netflix.discovery.provider.DiscoveryJerseyProvider   Using JSON encoding codec LegacyJacksonJson
2020-03-11 11:15:18:699 INFO  [cloud-consumer-openfeign-order] [main] com.netflix.discovery.provider.DiscoveryJerseyProvider   Using JSON decoding codec LegacyJacksonJson
2020-03-11 11:15:18:836 INFO  [cloud-consumer-openfeign-order] [main] com.netflix.discovery.provider.DiscoveryJerseyProvider   Using XML encoding codec XStreamXml
2020-03-11 11:15:18:837 INFO  [cloud-consumer-openfeign-order] [main] com.netflix.discovery.provider.DiscoveryJerseyProvider   Using XML decoding codec XStreamXml
2020-03-11 11:15:19:073 INFO  [cloud-consumer-openfeign-order] [main] com.netflix.discovery.shared.resolver.aws.ConfigClusterResolver   Resolving eureka endpoints via configuration
2020-03-11 11:15:19:683 INFO  [cloud-consumer-openfeign-order] [main] com.netflix.discovery.DiscoveryClient   Disable delta property : false
2020-03-11 11:15:19:683 INFO  [cloud-consumer-openfeign-order] [main] com.netflix.discovery.DiscoveryClient   Single vip registry refresh property : null
2020-03-11 11:15:19:683 INFO  [cloud-consumer-openfeign-order] [main] com.netflix.discovery.DiscoveryClient   Force full registry fetch : false
2020-03-11 11:15:19:683 INFO  [cloud-consumer-openfeign-order] [main] com.netflix.discovery.DiscoveryClient   Application is null : false
2020-03-11 11:15:19:683 INFO  [cloud-consumer-openfeign-order] [main] com.netflix.discovery.DiscoveryClient   Registered Applications size is zero : true
2020-03-11 11:15:19:683 INFO  [cloud-consumer-openfeign-order] [main] com.netflix.discovery.DiscoveryClient   Application version is -1: true
2020-03-11 11:15:19:683 INFO  [cloud-consumer-openfeign-order] [main] com.netflix.discovery.DiscoveryClient   Getting all instance registry info from the eureka server
2020-03-11 11:15:19:847 INFO  [cloud-consumer-openfeign-order] [main] com.netflix.discovery.DiscoveryClient   The response status is 200
2020-03-11 11:15:19:850 INFO  [cloud-consumer-openfeign-order] [main] com.netflix.discovery.DiscoveryClient   Starting heartbeat executor: renew interval is: 30
2020-03-11 11:15:19:852 INFO  [cloud-consumer-openfeign-order] [main] com.netflix.discovery.InstanceInfoReplicator   InstanceInfoReplicator onDemand update allowed rate per min is 4
2020-03-11 11:15:19:855 INFO  [cloud-consumer-openfeign-order] [main] com.netflix.discovery.DiscoveryClient   Discovery Client initialized at timestamp 1583896519854 with initial instances count: 5
2020-03-11 11:15:19:856 INFO  [cloud-consumer-openfeign-order] [main] org.springframework.cloud.netflix.eureka.serviceregistry.EurekaServiceRegistry   Registering application CLOUD-CONSUMER-OPENFEIGN-ORDER with eureka with status UP
2020-03-11 11:15:19:856 INFO  [cloud-consumer-openfeign-order] [main] com.netflix.discovery.DiscoveryClient   Saw local status change event StatusChangeEvent [timestamp=1583896519856, current=UP, previous=STARTING]
2020-03-11 11:15:19:859 INFO  [cloud-consumer-openfeign-order] [DiscoveryClient-InstanceInfoReplicator-0] com.netflix.discovery.DiscoveryClient   DiscoveryClient_CLOUD-CONSUMER-OPENFEIGN-ORDER/orderfeign80: registering service...
2020-03-11 11:15:19:879 INFO  [cloud-consumer-openfeign-order] [main] org.apache.coyote.http11.Http11NioProtocol   Starting ProtocolHandler ["http-nio-80"]
2020-03-11 11:15:19:896 INFO  [cloud-consumer-openfeign-order] [DiscoveryClient-InstanceInfoReplicator-0] com.netflix.discovery.DiscoveryClient   DiscoveryClient_CLOUD-CONSUMER-OPENFEIGN-ORDER/orderfeign80 - registration status: 204
2020-03-11 11:15:19:905 INFO  [cloud-consumer-openfeign-order] [main] org.springframework.boot.web.embedded.tomcat.TomcatWebServer   Tomcat started on port(s): 80 (http) with context path ''
2020-03-11 11:15:19:906 INFO  [cloud-consumer-openfeign-order] [main] org.springframework.cloud.netflix.eureka.serviceregistry.EurekaAutoServiceRegistration   Updating port to 80
2020-03-11 11:15:20:797 INFO  [cloud-consumer-openfeign-order] [main] com.czp.springcloud.OrderFeignMain80   Started OrderFeignMain80 in 11.393 seconds (JVM running for 13.004)
2020-03-11 11:15:21:833 INFO  [cloud-consumer-openfeign-order] [RMI TCP Connection(1)-172.20.10.6] org.apache.catalina.core.ContainerBase.[Tomcat].[localhost].[/]   Initializing Spring DispatcherServlet 'dispatcherServlet'
2020-03-11 11:15:21:833 INFO  [cloud-consumer-openfeign-order] [RMI TCP Connection(1)-172.20.10.6] org.springframework.web.servlet.DispatcherServlet   Initializing Servlet 'dispatcherServlet'
2020-03-11 11:15:21:841 INFO  [cloud-consumer-openfeign-order] [RMI TCP Connection(1)-172.20.10.6] org.springframework.web.servlet.DispatcherServlet   Completed initialization in 8 ms
2020-03-11 11:18:03:572 INFO  [cloud-consumer-openfeign-order] [http-nio-80-exec-4] com.netflix.config.ChainedDynamicProperty   Flipping property: cloud-payment-service.ribbon.ActiveConnectionsLimit to use NEXT property: niws.loadbalancer.availabilityFilteringRule.activeConnectionsLimit = 2147483647
2020-03-11 11:18:03:603 INFO  [cloud-consumer-openfeign-order] [http-nio-80-exec-4] com.netflix.util.concurrent.ShutdownEnabledTimer   Shutdown hook installed for: NFLoadBalancer-PingTimer-cloud-payment-service
2020-03-11 11:18:03:603 INFO  [cloud-consumer-openfeign-order] [http-nio-80-exec-4] com.netflix.loadbalancer.BaseLoadBalancer   Client: cloud-payment-service instantiated a LoadBalancer: DynamicServerListLoadBalancer:{NFLoadBalancer:name=cloud-payment-service,current list of Servers=[],Load balancer stats=Zone stats: {},Server stats: []}ServerList:null
2020-03-11 11:18:03:609 INFO  [cloud-consumer-openfeign-order] [http-nio-80-exec-4] com.netflix.loadbalancer.DynamicServerListLoadBalancer   Using serverListUpdater PollingServerListUpdater
2020-03-11 11:18:03:631 INFO  [cloud-consumer-openfeign-order] [http-nio-80-exec-4] com.netflix.config.ChainedDynamicProperty   Flipping property: cloud-payment-service.ribbon.ActiveConnectionsLimit to use NEXT property: niws.loadbalancer.availabilityFilteringRule.activeConnectionsLimit = 2147483647
2020-03-11 11:18:03:633 INFO  [cloud-consumer-openfeign-order] [http-nio-80-exec-4] com.netflix.loadbalancer.DynamicServerListLoadBalancer   DynamicServerListLoadBalancer for client cloud-payment-service initialized: DynamicServerListLoadBalancer:{NFLoadBalancer:name=cloud-payment-service,current list of Servers=[172.20.10.6:8001, 172.20.10.6:8002],Load balancer stats=Zone stats: {defaultzone=[Zone:defaultzone;	Instance count:2;	Active connections count: 0;	Circuit breaker tripped count: 0;	Active connections per server: 0.0;]
},Server stats: [[Server:172.20.10.6:8001;	Zone:defaultZone;	Total Requests:0;	Successive connection failure:0;	Total blackout seconds:0;	Last connection made:Thu Jan 01 08:00:00 CST 1970;	First connection made: Thu Jan 01 08:00:00 CST 1970;	Active Connections:0;	total failure count in last (1000) msecs:0;	average resp time:0.0;	90 percentile resp time:0.0;	95 percentile resp time:0.0;	min resp time:0.0;	max resp time:0.0;	stddev resp time:0.0]
, [Server:172.20.10.6:8002;	Zone:defaultZone;	Total Requests:0;	Successive connection failure:0;	Total blackout seconds:0;	Last connection made:Thu Jan 01 08:00:00 CST 1970;	First connection made: Thu Jan 01 08:00:00 CST 1970;	Active Connections:0;	total failure count in last (1000) msecs:0;	average resp time:0.0;	90 percentile resp time:0.0;	95 percentile resp time:0.0;	min resp time:0.0;	max resp time:0.0;	stddev resp time:0.0]
]}ServerList:org.springframework.cloud.netflix.ribbon.eureka.DomainExtractingServerList@50d53aaf
2020-03-11 11:18:04:615 INFO  [cloud-consumer-openfeign-order] [PollingServerListUpdater-0] com.netflix.config.ChainedDynamicProperty   Flipping property: cloud-payment-service.ribbon.ActiveConnectionsLimit to use NEXT property: niws.loadbalancer.availabilityFilteringRule.activeConnectionsLimit = 2147483647
2020-03-11 11:20:19:688 INFO  [cloud-consumer-openfeign-order] [AsyncResolver-bootstrap-executor-0] com.netflix.discovery.shared.resolver.aws.ConfigClusterResolver   Resolving eureka endpoints via configuration
2020-03-11 11:25:22:762 INFO  [cloud-consumer-openfeign-order] [AsyncResolver-bootstrap-executor-0] com.netflix.discovery.shared.resolver.aws.ConfigClusterResolver   Resolving eureka endpoints via configuration
2020-03-11 11:30:22:764 INFO  [cloud-consumer-openfeign-order] [AsyncResolver-bootstrap-executor-0] com.netflix.discovery.shared.resolver.aws.ConfigClusterResolver   Resolving eureka endpoints via configuration
2020-03-11 11:35:22:766 INFO  [cloud-consumer-openfeign-order] [AsyncResolver-bootstrap-executor-0] com.netflix.discovery.shared.resolver.aws.ConfigClusterResolver   Resolving eureka endpoints via configuration
2020-03-11 11:40:22:770 INFO  [cloud-consumer-openfeign-order] [AsyncResolver-bootstrap-executor-0] com.netflix.discovery.shared.resolver.aws.ConfigClusterResolver   Resolving eureka endpoints via configuration
2020-03-11 11:45:30:376 INFO  [cloud-consumer-openfeign-order] [AsyncResolver-bootstrap-executor-0] com.netflix.discovery.shared.resolver.aws.ConfigClusterResolver   Resolving eureka endpoints via configuration
2020-03-11 11:50:30:378 INFO  [cloud-consumer-openfeign-order] [AsyncResolver-bootstrap-executor-0] com.netflix.discovery.shared.resolver.aws.ConfigClusterResolver   Resolving eureka endpoints via configuration
2020-03-11 11:55:30:380 INFO  [cloud-consumer-openfeign-order] [AsyncResolver-bootstrap-executor-0] com.netflix.discovery.shared.resolver.aws.ConfigClusterResolver   Resolving eureka endpoints via configuration
2020-03-11 12:00:30:382 INFO  [cloud-consumer-openfeign-order] [AsyncResolver-bootstrap-executor-0] com.netflix.discovery.shared.resolver.aws.ConfigClusterResolver   Resolving eureka endpoints via configuration
2020-03-11 12:05:30:383 INFO  [cloud-consumer-openfeign-order] [AsyncResolver-bootstrap-executor-0] com.netflix.discovery.shared.resolver.aws.ConfigClusterResolver   Resolving eureka endpoints via configuration
2020-03-11 14:25:05:414 INFO  [cloud-consumer-openfeign-order] [AsyncResolver-bootstrap-executor-0] com.netflix.discovery.shared.resolver.aws.ConfigClusterResolver   Resolving eureka endpoints via configuration
2020-03-11 14:26:36:269 INFO  [cloud-consumer-openfeign-order] [DiscoveryClient-HeartbeatExecutor-0] com.netflix.discovery.DiscoveryClient   DiscoveryClient_CLOUD-CONSUMER-OPENFEIGN-ORDER/orderfeign80 - Re-registering apps/CLOUD-CONSUMER-OPENFEIGN-ORDER
2020-03-11 14:26:36:270 INFO  [cloud-consumer-openfeign-order] [DiscoveryClient-HeartbeatExecutor-0] com.netflix.discovery.DiscoveryClient   DiscoveryClient_CLOUD-CONSUMER-OPENFEIGN-ORDER/orderfeign80: registering service...
2020-03-11 14:26:36:279 INFO  [cloud-consumer-openfeign-order] [DiscoveryClient-HeartbeatExecutor-0] com.netflix.discovery.DiscoveryClient   DiscoveryClient_CLOUD-CONSUMER-OPENFEIGN-ORDER/orderfeign80 - registration status: 204
2020-03-11 14:30:05:417 INFO  [cloud-consumer-openfeign-order] [AsyncResolver-bootstrap-executor-0] com.netflix.discovery.shared.resolver.aws.ConfigClusterResolver   Resolving eureka endpoints via configuration
2020-03-11 14:34:34:576 INFO  [cloud-consumer-openfeign-order] [Thread-39] com.netflix.loadbalancer.PollingServerListUpdater   Shutting down the Executor Pool for PollingServerListUpdater
2020-03-11 14:34:34:577 INFO  [cloud-consumer-openfeign-order] [SpringContextShutdownHook] org.springframework.cloud.netflix.eureka.serviceregistry.EurekaServiceRegistry   Unregistering application CLOUD-CONSUMER-OPENFEIGN-ORDER with eureka with status DOWN
2020-03-11 14:34:34:577 INFO  [cloud-consumer-openfeign-order] [DiscoveryClient-InstanceInfoReplicator-0] com.netflix.discovery.DiscoveryClient   DiscoveryClient_CLOUD-CONSUMER-OPENFEIGN-ORDER/orderfeign80: registering service...
2020-03-11 14:34:34:585 INFO  [cloud-consumer-openfeign-order] [SpringContextShutdownHook] org.springframework.scheduling.concurrent.ThreadPoolTaskExecutor   Shutting down ExecutorService 'applicationTaskExecutor'
2020-03-11 14:34:34:588 INFO  [cloud-consumer-openfeign-order] [SpringContextShutdownHook] com.netflix.util.concurrent.ShutdownEnabledTimer   Shutdown hook removed for: NFLoadBalancer-PingTimer-cloud-payment-service
2020-03-11 14:34:34:592 INFO  [cloud-consumer-openfeign-order] [SpringContextShutdownHook] com.netflix.util.concurrent.ShutdownEnabledTimer   Exception caught (might be ok if at shutdown)
java.lang.IllegalStateException: Shutdown in progress
	at java.lang.ApplicationShutdownHooks.remove(ApplicationShutdownHooks.java:82)
	at java.lang.Runtime.removeShutdownHook(Runtime.java:239)
	at com.netflix.util.concurrent.ShutdownEnabledTimer.cancel(ShutdownEnabledTimer.java:70)
	at com.netflix.loadbalancer.BaseLoadBalancer.cancelPingTask(BaseLoadBalancer.java:632)
	at com.netflix.loadbalancer.BaseLoadBalancer.shutdown(BaseLoadBalancer.java:883)
	at com.netflix.loadbalancer.DynamicServerListLoadBalancer.shutdown(DynamicServerListLoadBalancer.java:285)
	at sun.reflect.NativeMethodAccessorImpl.invoke0(Native Method)
	at sun.reflect.NativeMethodAccessorImpl.invoke(NativeMethodAccessorImpl.java:62)
	at sun.reflect.DelegatingMethodAccessorImpl.invoke(DelegatingMethodAccessorImpl.java:43)
	at java.lang.reflect.Method.invoke(Method.java:498)
	at org.springframework.beans.factory.support.DisposableBeanAdapter.invokeCustomDestroyMethod(DisposableBeanAdapter.java:339)
	at org.springframework.beans.factory.support.DisposableBeanAdapter.destroy(DisposableBeanAdapter.java:273)
	at org.springframework.beans.factory.support.DefaultSingletonBeanRegistry.destroyBean(DefaultSingletonBeanRegistry.java:571)
	at org.springframework.beans.factory.support.DefaultSingletonBeanRegistry.destroySingleton(DefaultSingletonBeanRegistry.java:543)
	at org.springframework.beans.factory.support.DefaultListableBeanFactory.destroySingleton(DefaultListableBeanFactory.java:1072)
	at org.springframework.beans.factory.support.DefaultSingletonBeanRegistry.destroySingletons(DefaultSingletonBeanRegistry.java:504)
	at org.springframework.beans.factory.support.DefaultListableBeanFactory.destroySingletons(DefaultListableBeanFactory.java:1065)
	at org.springframework.context.support.AbstractApplicationContext.destroyBeans(AbstractApplicationContext.java:1060)
	at org.springframework.context.support.AbstractApplicationContext.doClose(AbstractApplicationContext.java:1029)
	at org.springframework.context.support.AbstractApplicationContext.close(AbstractApplicationContext.java:978)
	at org.springframework.cloud.context.named.NamedContextFactory.destroy(NamedContextFactory.java:92)
	at org.springframework.beans.factory.support.DisposableBeanAdapter.destroy(DisposableBeanAdapter.java:258)
	at org.springframework.beans.factory.support.DefaultSingletonBeanRegistry.destroyBean(DefaultSingletonBeanRegistry.java:571)
	at org.springframework.beans.factory.support.DefaultSingletonBeanRegistry.destroySingleton(DefaultSingletonBeanRegistry.java:543)
	at org.springframework.beans.factory.support.DefaultListableBeanFactory.destroySingleton(DefaultListableBeanFactory.java:1072)
	at org.springframework.beans.factory.support.DefaultSingletonBeanRegistry.destroySingletons(DefaultSingletonBeanRegistry.java:504)
	at org.springframework.beans.factory.support.DefaultListableBeanFactory.destroySingletons(DefaultListableBeanFactory.java:1065)
	at org.springframework.context.support.AbstractApplicationContext.destroyBeans(AbstractApplicationContext.java:1060)
	at org.springframework.context.support.AbstractApplicationContext.doClose(AbstractApplicationContext.java:1029)
	at org.springframework.context.support.AbstractApplicationContext$1.run(AbstractApplicationContext.java:948)
2020-03-11 14:34:34:602 INFO  [cloud-consumer-openfeign-order] [SpringContextShutdownHook] com.netflix.discovery.DiscoveryClient   Shutting down DiscoveryClient ...
2020-03-11 14:34:37:603 INFO  [cloud-consumer-openfeign-order] [SpringContextShutdownHook] com.netflix.discovery.DiscoveryClient   Unregistering ...
2020-03-11 14:34:41:644 INFO  [cloud-consumer-openfeign-order] [SpringContextShutdownHook] com.netflix.discovery.DiscoveryClient   Completed shut down of DiscoveryClient
2020-03-11 14:43:49:259 INFO  [cloud-consumer-openfeign-order] [main] com.czp.springcloud.OrderFeignMain80   No active profile set, falling back to default profiles: default
2020-03-11 14:43:49:999 INFO  [cloud-consumer-openfeign-order] [main] org.springframework.cloud.context.scope.GenericScope   BeanFactory id=634ce722-8c71-363e-94a9-795774482a58
2020-03-11 14:43:50:063 INFO  [cloud-consumer-openfeign-order] [main] org.springframework.context.support.PostProcessorRegistrationDelegate$BeanPostProcessorChecker   Bean 'com.czp.springcloud.feign.FeignOrderService' of type [org.springframework.cloud.openfeign.FeignClientFactoryBean] is not eligible for getting processed by all BeanPostProcessors (for example: not eligible for auto-proxying)
2020-03-11 14:43:50:269 INFO  [cloud-consumer-openfeign-order] [main] org.springframework.boot.web.embedded.tomcat.TomcatWebServer   Tomcat initialized with port(s): 80 (http)
2020-03-11 14:43:50:277 INFO  [cloud-consumer-openfeign-order] [main] org.apache.coyote.http11.Http11NioProtocol   Initializing ProtocolHandler ["http-nio-80"]
2020-03-11 14:43:50:277 INFO  [cloud-consumer-openfeign-order] [main] org.apache.catalina.core.StandardService   Starting service [Tomcat]
2020-03-11 14:43:50:277 INFO  [cloud-consumer-openfeign-order] [main] org.apache.catalina.core.StandardEngine   Starting Servlet engine: [Apache Tomcat/9.0.29]
2020-03-11 14:43:50:506 INFO  [cloud-consumer-openfeign-order] [main] org.apache.catalina.core.ContainerBase.[Tomcat].[localhost].[/]   Initializing Spring embedded WebApplicationContext
2020-03-11 14:43:50:506 INFO  [cloud-consumer-openfeign-order] [main] org.springframework.web.context.ContextLoader   Root WebApplicationContext: initialization completed in 1230 ms
2020-03-11 14:43:50:579 INFO  [cloud-consumer-openfeign-order] [main] com.netflix.config.sources.URLConfigurationSource   To enable URLs as dynamic configuration sources, define System property archaius.configurationSource.additionalUrls or make config.properties available on classpath.
2020-03-11 14:43:50:588 INFO  [cloud-consumer-openfeign-order] [main] com.netflix.config.DynamicPropertyFactory   DynamicPropertyFactory is initialized with configuration sources: com.netflix.config.ConcurrentCompositeConfiguration@710d89e2
2020-03-11 14:43:51:894 INFO  [cloud-consumer-openfeign-order] [main] com.netflix.config.sources.URLConfigurationSource   To enable URLs as dynamic configuration sources, define System property archaius.configurationSource.additionalUrls or make config.properties available on classpath.
2020-03-11 14:43:51:992 INFO  [cloud-consumer-openfeign-order] [main] org.springframework.scheduling.concurrent.ThreadPoolTaskExecutor   Initializing ExecutorService 'applicationTaskExecutor'
2020-03-11 14:43:54:048 INFO  [cloud-consumer-openfeign-order] [main] org.springframework.boot.actuate.endpoint.web.EndpointLinksResolver   Exposing 2 endpoint(s) beneath base path '/actuator'
2020-03-11 14:43:54:106 INFO  [cloud-consumer-openfeign-order] [main] org.springframework.cloud.netflix.eureka.InstanceInfoFactory   Setting initial instance status as: STARTING
2020-03-11 14:43:54:137 INFO  [cloud-consumer-openfeign-order] [main] com.netflix.discovery.DiscoveryClient   Initializing Eureka in region us-east-1
2020-03-11 14:43:54:916 INFO  [cloud-consumer-openfeign-order] [main] com.netflix.discovery.provider.DiscoveryJerseyProvider   Using JSON encoding codec LegacyJacksonJson
2020-03-11 14:43:54:916 INFO  [cloud-consumer-openfeign-order] [main] com.netflix.discovery.provider.DiscoveryJerseyProvider   Using JSON decoding codec LegacyJacksonJson
2020-03-11 14:43:55:020 INFO  [cloud-consumer-openfeign-order] [main] com.netflix.discovery.provider.DiscoveryJerseyProvider   Using XML encoding codec XStreamXml
2020-03-11 14:43:55:020 INFO  [cloud-consumer-openfeign-order] [main] com.netflix.discovery.provider.DiscoveryJerseyProvider   Using XML decoding codec XStreamXml
2020-03-11 14:43:55:176 INFO  [cloud-consumer-openfeign-order] [main] com.netflix.discovery.shared.resolver.aws.ConfigClusterResolver   Resolving eureka endpoints via configuration
2020-03-11 14:43:55:791 INFO  [cloud-consumer-openfeign-order] [main] com.netflix.discovery.DiscoveryClient   Disable delta property : false
2020-03-11 14:43:55:791 INFO  [cloud-consumer-openfeign-order] [main] com.netflix.discovery.DiscoveryClient   Single vip registry refresh property : null
2020-03-11 14:43:55:791 INFO  [cloud-consumer-openfeign-order] [main] com.netflix.discovery.DiscoveryClient   Force full registry fetch : false
2020-03-11 14:43:55:791 INFO  [cloud-consumer-openfeign-order] [main] com.netflix.discovery.DiscoveryClient   Application is null : false
2020-03-11 14:43:55:791 INFO  [cloud-consumer-openfeign-order] [main] com.netflix.discovery.DiscoveryClient   Registered Applications size is zero : true
2020-03-11 14:43:55:791 INFO  [cloud-consumer-openfeign-order] [main] com.netflix.discovery.DiscoveryClient   Application version is -1: true
2020-03-11 14:43:55:791 INFO  [cloud-consumer-openfeign-order] [main] com.netflix.discovery.DiscoveryClient   Getting all instance registry info from the eureka server
2020-03-11 14:43:55:948 INFO  [cloud-consumer-openfeign-order] [main] com.netflix.discovery.DiscoveryClient   The response status is 200
2020-03-11 14:43:55:950 INFO  [cloud-consumer-openfeign-order] [main] com.netflix.discovery.DiscoveryClient   Starting heartbeat executor: renew interval is: 30
2020-03-11 14:43:55:952 INFO  [cloud-consumer-openfeign-order] [main] com.netflix.discovery.InstanceInfoReplicator   InstanceInfoReplicator onDemand update allowed rate per min is 4
2020-03-11 14:43:55:955 INFO  [cloud-consumer-openfeign-order] [main] com.netflix.discovery.DiscoveryClient   Discovery Client initialized at timestamp 1583909035954 with initial instances count: 2
2020-03-11 14:43:55:956 INFO  [cloud-consumer-openfeign-order] [main] org.springframework.cloud.netflix.eureka.serviceregistry.EurekaServiceRegistry   Registering application CLOUD-CONSUMER-OPENFEIGN-ORDER with eureka with status UP
2020-03-11 14:43:55:956 INFO  [cloud-consumer-openfeign-order] [main] com.netflix.discovery.DiscoveryClient   Saw local status change event StatusChangeEvent [timestamp=1583909035956, current=UP, previous=STARTING]
2020-03-11 14:43:55:958 INFO  [cloud-consumer-openfeign-order] [DiscoveryClient-InstanceInfoReplicator-0] com.netflix.discovery.DiscoveryClient   DiscoveryClient_CLOUD-CONSUMER-OPENFEIGN-ORDER/orderfeign80: registering service...
2020-03-11 14:43:55:980 INFO  [cloud-consumer-openfeign-order] [main] org.apache.coyote.http11.Http11NioProtocol   Starting ProtocolHandler ["http-nio-80"]
2020-03-11 14:43:55:993 INFO  [cloud-consumer-openfeign-order] [DiscoveryClient-InstanceInfoReplicator-0] com.netflix.discovery.DiscoveryClient   DiscoveryClient_CLOUD-CONSUMER-OPENFEIGN-ORDER/orderfeign80 - registration status: 204
2020-03-11 14:43:56:002 INFO  [cloud-consumer-openfeign-order] [main] org.springframework.boot.web.embedded.tomcat.TomcatWebServer   Tomcat started on port(s): 80 (http) with context path ''
2020-03-11 14:43:56:003 INFO  [cloud-consumer-openfeign-order] [main] org.springframework.cloud.netflix.eureka.serviceregistry.EurekaAutoServiceRegistration   Updating port to 80
2020-03-11 14:43:56:906 INFO  [cloud-consumer-openfeign-order] [main] com.czp.springcloud.OrderFeignMain80   Started OrderFeignMain80 in 10.3 seconds (JVM running for 11.738)
2020-03-11 14:43:58:054 INFO  [cloud-consumer-openfeign-order] [RMI TCP Connection(1)-172.20.10.6] org.apache.catalina.core.ContainerBase.[Tomcat].[localhost].[/]   Initializing Spring DispatcherServlet 'dispatcherServlet'
2020-03-11 14:43:58:054 INFO  [cloud-consumer-openfeign-order] [RMI TCP Connection(1)-172.20.10.6] org.springframework.web.servlet.DispatcherServlet   Initializing Servlet 'dispatcherServlet'
2020-03-11 14:43:58:060 INFO  [cloud-consumer-openfeign-order] [RMI TCP Connection(1)-172.20.10.6] org.springframework.web.servlet.DispatcherServlet   Completed initialization in 6 ms
2020-03-11 14:45:40:574 INFO  [cloud-consumer-openfeign-order] [main] com.czp.springcloud.OrderFeignMain80   No active profile set, falling back to default profiles: default
2020-03-11 14:45:41:346 INFO  [cloud-consumer-openfeign-order] [main] org.springframework.cloud.context.scope.GenericScope   BeanFactory id=634ce722-8c71-363e-94a9-795774482a58
2020-03-11 14:45:41:410 INFO  [cloud-consumer-openfeign-order] [main] org.springframework.context.support.PostProcessorRegistrationDelegate$BeanPostProcessorChecker   Bean 'com.czp.springcloud.feign.FeignOrderService' of type [org.springframework.cloud.openfeign.FeignClientFactoryBean] is not eligible for getting processed by all BeanPostProcessors (for example: not eligible for auto-proxying)
2020-03-11 14:45:41:615 INFO  [cloud-consumer-openfeign-order] [main] org.springframework.boot.web.embedded.tomcat.TomcatWebServer   Tomcat initialized with port(s): 80 (http)
2020-03-11 14:45:41:623 INFO  [cloud-consumer-openfeign-order] [main] org.apache.coyote.http11.Http11NioProtocol   Initializing ProtocolHandler ["http-nio-80"]
2020-03-11 14:45:41:623 INFO  [cloud-consumer-openfeign-order] [main] org.apache.catalina.core.StandardService   Starting service [Tomcat]
2020-03-11 14:45:41:623 INFO  [cloud-consumer-openfeign-order] [main] org.apache.catalina.core.StandardEngine   Starting Servlet engine: [Apache Tomcat/9.0.29]
2020-03-11 14:45:41:839 INFO  [cloud-consumer-openfeign-order] [main] org.apache.catalina.core.ContainerBase.[Tomcat].[localhost].[/]   Initializing Spring embedded WebApplicationContext
2020-03-11 14:45:41:839 INFO  [cloud-consumer-openfeign-order] [main] org.springframework.web.context.ContextLoader   Root WebApplicationContext: initialization completed in 1244 ms
2020-03-11 14:45:41:920 INFO  [cloud-consumer-openfeign-order] [main] com.netflix.config.sources.URLConfigurationSource   To enable URLs as dynamic configuration sources, define System property archaius.configurationSource.additionalUrls or make config.properties available on classpath.
2020-03-11 14:45:41:929 INFO  [cloud-consumer-openfeign-order] [main] com.netflix.config.DynamicPropertyFactory   DynamicPropertyFactory is initialized with configuration sources: com.netflix.config.ConcurrentCompositeConfiguration@282ffbf5
2020-03-11 14:45:43:312 INFO  [cloud-consumer-openfeign-order] [main] com.netflix.config.sources.URLConfigurationSource   To enable URLs as dynamic configuration sources, define System property archaius.configurationSource.additionalUrls or make config.properties available on classpath.
2020-03-11 14:45:43:408 INFO  [cloud-consumer-openfeign-order] [main] org.springframework.scheduling.concurrent.ThreadPoolTaskExecutor   Initializing ExecutorService 'applicationTaskExecutor'
2020-03-11 14:45:45:477 INFO  [cloud-consumer-openfeign-order] [main] org.springframework.boot.actuate.endpoint.web.EndpointLinksResolver   Exposing 2 endpoint(s) beneath base path '/actuator'
2020-03-11 14:45:45:539 INFO  [cloud-consumer-openfeign-order] [main] org.springframework.cloud.netflix.eureka.InstanceInfoFactory   Setting initial instance status as: STARTING
2020-03-11 14:45:45:570 INFO  [cloud-consumer-openfeign-order] [main] com.netflix.discovery.DiscoveryClient   Initializing Eureka in region us-east-1
2020-03-11 14:45:46:358 INFO  [cloud-consumer-openfeign-order] [main] com.netflix.discovery.provider.DiscoveryJerseyProvider   Using JSON encoding codec LegacyJacksonJson
2020-03-11 14:45:46:358 INFO  [cloud-consumer-openfeign-order] [main] com.netflix.discovery.provider.DiscoveryJerseyProvider   Using JSON decoding codec LegacyJacksonJson
2020-03-11 14:45:46:462 INFO  [cloud-consumer-openfeign-order] [main] com.netflix.discovery.provider.DiscoveryJerseyProvider   Using XML encoding codec XStreamXml
2020-03-11 14:45:46:462 INFO  [cloud-consumer-openfeign-order] [main] com.netflix.discovery.provider.DiscoveryJerseyProvider   Using XML decoding codec XStreamXml
2020-03-11 14:45:46:620 INFO  [cloud-consumer-openfeign-order] [main] com.netflix.discovery.shared.resolver.aws.ConfigClusterResolver   Resolving eureka endpoints via configuration
2020-03-11 14:45:47:233 INFO  [cloud-consumer-openfeign-order] [main] com.netflix.discovery.DiscoveryClient   Disable delta property : false
2020-03-11 14:45:47:233 INFO  [cloud-consumer-openfeign-order] [main] com.netflix.discovery.DiscoveryClient   Single vip registry refresh property : null
2020-03-11 14:45:47:233 INFO  [cloud-consumer-openfeign-order] [main] com.netflix.discovery.DiscoveryClient   Force full registry fetch : false
2020-03-11 14:45:47:233 INFO  [cloud-consumer-openfeign-order] [main] com.netflix.discovery.DiscoveryClient   Application is null : false
2020-03-11 14:45:47:233 INFO  [cloud-consumer-openfeign-order] [main] com.netflix.discovery.DiscoveryClient   Registered Applications size is zero : true
2020-03-11 14:45:47:233 INFO  [cloud-consumer-openfeign-order] [main] com.netflix.discovery.DiscoveryClient   Application version is -1: true
2020-03-11 14:45:47:233 INFO  [cloud-consumer-openfeign-order] [main] com.netflix.discovery.DiscoveryClient   Getting all instance registry info from the eureka server
2020-03-11 14:45:47:388 INFO  [cloud-consumer-openfeign-order] [main] com.netflix.discovery.DiscoveryClient   The response status is 200
2020-03-11 14:45:47:390 INFO  [cloud-consumer-openfeign-order] [main] com.netflix.discovery.DiscoveryClient   Starting heartbeat executor: renew interval is: 30
2020-03-11 14:45:47:391 INFO  [cloud-consumer-openfeign-order] [main] com.netflix.discovery.InstanceInfoReplicator   InstanceInfoReplicator onDemand update allowed rate per min is 4
2020-03-11 14:45:47:394 INFO  [cloud-consumer-openfeign-order] [main] com.netflix.discovery.DiscoveryClient   Discovery Client initialized at timestamp 1583909147394 with initial instances count: 3
2020-03-11 14:45:47:396 INFO  [cloud-consumer-openfeign-order] [main] org.springframework.cloud.netflix.eureka.serviceregistry.EurekaServiceRegistry   Registering application CLOUD-CONSUMER-OPENFEIGN-ORDER with eureka with status UP
2020-03-11 14:45:47:396 INFO  [cloud-consumer-openfeign-order] [main] com.netflix.discovery.DiscoveryClient   Saw local status change event StatusChangeEvent [timestamp=1583909147396, current=UP, previous=STARTING]
2020-03-11 14:45:47:398 INFO  [cloud-consumer-openfeign-order] [DiscoveryClient-InstanceInfoReplicator-0] com.netflix.discovery.DiscoveryClient   DiscoveryClient_CLOUD-CONSUMER-OPENFEIGN-ORDER/orderfeign80: registering service...
2020-03-11 14:45:47:420 INFO  [cloud-consumer-openfeign-order] [main] org.apache.coyote.http11.Http11NioProtocol   Starting ProtocolHandler ["http-nio-80"]
2020-03-11 14:45:47:437 INFO  [cloud-consumer-openfeign-order] [DiscoveryClient-InstanceInfoReplicator-0] com.netflix.discovery.DiscoveryClient   DiscoveryClient_CLOUD-CONSUMER-OPENFEIGN-ORDER/orderfeign80 - registration status: 204
2020-03-11 14:45:47:443 INFO  [cloud-consumer-openfeign-order] [main] org.springframework.boot.web.embedded.tomcat.TomcatWebServer   Tomcat started on port(s): 80 (http) with context path ''
2020-03-11 14:45:47:444 INFO  [cloud-consumer-openfeign-order] [main] org.springframework.cloud.netflix.eureka.serviceregistry.EurekaAutoServiceRegistration   Updating port to 80
2020-03-11 14:45:48:347 INFO  [cloud-consumer-openfeign-order] [main] com.czp.springcloud.OrderFeignMain80   Started OrderFeignMain80 in 10.605 seconds (JVM running for 12.012)
2020-03-11 14:45:48:601 INFO  [cloud-consumer-openfeign-order] [RMI TCP Connection(2)-172.20.10.6] org.apache.catalina.core.ContainerBase.[Tomcat].[localhost].[/]   Initializing Spring DispatcherServlet 'dispatcherServlet'
2020-03-11 14:45:48:602 INFO  [cloud-consumer-openfeign-order] [RMI TCP Connection(2)-172.20.10.6] org.springframework.web.servlet.DispatcherServlet   Initializing Servlet 'dispatcherServlet'
2020-03-11 14:45:48:607 INFO  [cloud-consumer-openfeign-order] [RMI TCP Connection(2)-172.20.10.6] org.springframework.web.servlet.DispatcherServlet   Completed initialization in 5 ms
2020-03-11 14:50:47:235 INFO  [cloud-consumer-openfeign-order] [AsyncResolver-bootstrap-executor-0] com.netflix.discovery.shared.resolver.aws.ConfigClusterResolver   Resolving eureka endpoints via configuration
2020-03-11 14:55:47:236 INFO  [cloud-consumer-openfeign-order] [AsyncResolver-bootstrap-executor-0] com.netflix.discovery.shared.resolver.aws.ConfigClusterResolver   Resolving eureka endpoints via configuration
2020-03-11 15:00:47:237 INFO  [cloud-consumer-openfeign-order] [AsyncResolver-bootstrap-executor-0] com.netflix.discovery.shared.resolver.aws.ConfigClusterResolver   Resolving eureka endpoints via configuration
2020-03-11 15:05:47:241 INFO  [cloud-consumer-openfeign-order] [AsyncResolver-bootstrap-executor-0] com.netflix.discovery.shared.resolver.aws.ConfigClusterResolver   Resolving eureka endpoints via configuration
