2020-03-22 10:13:40:035 INFO  [cloud-consumer-openfeign-order] [main] com.czp.springcloud.OrderFeignMain80   No active profile set, falling back to default profiles: default
2020-03-22 10:13:40:601 INFO  [cloud-consumer-openfeign-order] [main] org.springframework.cloud.context.scope.GenericScope   BeanFactory id=5f8d8a0d-29b0-3172-bb0a-5fa449936352
2020-03-22 10:13:40:652 INFO  [cloud-consumer-openfeign-order] [main] org.springframework.context.support.PostProcessorRegistrationDelegate$BeanPostProcessorChecker   Bean 'com.czp.springcloud.feign.FeignOrderService' of type [org.springframework.cloud.openfeign.FeignClientFactoryBean] is not eligible for getting processed by all BeanPostProcessors (for example: not eligible for auto-proxying)
2020-03-22 10:13:40:812 INFO  [cloud-consumer-openfeign-order] [main] org.springframework.boot.web.embedded.tomcat.TomcatWebServer   Tomcat initialized with port(s): 80 (http)
2020-03-22 10:13:40:818 INFO  [cloud-consumer-openfeign-order] [main] org.apache.coyote.http11.Http11NioProtocol   Initializing ProtocolHandler ["http-nio-80"]
2020-03-22 10:13:40:818 INFO  [cloud-consumer-openfeign-order] [main] org.apache.catalina.core.StandardService   Starting service [Tomcat]
2020-03-22 10:13:40:818 INFO  [cloud-consumer-openfeign-order] [main] org.apache.catalina.core.StandardEngine   Starting Servlet engine: [Apache Tomcat/9.0.29]
2020-03-22 10:13:40:911 INFO  [cloud-consumer-openfeign-order] [main] org.apache.catalina.core.ContainerBase.[Tomcat].[localhost].[/]   Initializing Spring embedded WebApplicationContext
2020-03-22 10:13:40:911 INFO  [cloud-consumer-openfeign-order] [main] org.springframework.web.context.ContextLoader   Root WebApplicationContext: initialization completed in 861 ms
2020-03-22 10:13:40:969 INFO  [cloud-consumer-openfeign-order] [main] com.netflix.config.sources.URLConfigurationSource   To enable URLs as dynamic configuration sources, define System property archaius.configurationSource.additionalUrls or make config.properties available on classpath.
2020-03-22 10:13:40:978 INFO  [cloud-consumer-openfeign-order] [main] com.netflix.config.DynamicPropertyFactory   DynamicPropertyFactory is initialized with configuration sources: com.netflix.config.ConcurrentCompositeConfiguration@5a2bd7c8
2020-03-22 10:13:42:667 INFO  [cloud-consumer-openfeign-order] [main] org.springframework.cloud.commons.util.InetUtils   Cannot determine local hostname
2020-03-22 10:13:42:896 INFO  [cloud-consumer-openfeign-order] [main] com.netflix.config.sources.URLConfigurationSource   To enable URLs as dynamic configuration sources, define System property archaius.configurationSource.additionalUrls or make config.properties available on classpath.
2020-03-22 10:13:42:967 INFO  [cloud-consumer-openfeign-order] [main] org.springframework.scheduling.concurrent.ThreadPoolTaskExecutor   Initializing ExecutorService 'applicationTaskExecutor'
2020-03-22 10:13:44:671 INFO  [cloud-consumer-openfeign-order] [main] org.springframework.cloud.commons.util.InetUtils   Cannot determine local hostname
2020-03-22 10:13:46:235 INFO  [cloud-consumer-openfeign-order] [main] org.springframework.cloud.commons.util.InetUtils   Cannot determine local hostname
2020-03-22 10:13:46:290 INFO  [cloud-consumer-openfeign-order] [main] org.springframework.boot.actuate.endpoint.web.EndpointLinksResolver   Exposing 2 endpoint(s) beneath base path '/actuator'
2020-03-22 10:13:46:335 INFO  [cloud-consumer-openfeign-order] [main] org.springframework.cloud.netflix.eureka.InstanceInfoFactory   Setting initial instance status as: STARTING
2020-03-22 10:13:46:357 INFO  [cloud-consumer-openfeign-order] [main] com.netflix.discovery.DiscoveryClient   Initializing Eureka in region us-east-1
2020-03-22 10:13:46:869 INFO  [cloud-consumer-openfeign-order] [main] com.netflix.discovery.provider.DiscoveryJerseyProvider   Using JSON encoding codec LegacyJacksonJson
2020-03-22 10:13:46:869 INFO  [cloud-consumer-openfeign-order] [main] com.netflix.discovery.provider.DiscoveryJerseyProvider   Using JSON decoding codec LegacyJacksonJson
2020-03-22 10:13:46:946 INFO  [cloud-consumer-openfeign-order] [main] com.netflix.discovery.provider.DiscoveryJerseyProvider   Using XML encoding codec XStreamXml
2020-03-22 10:13:46:946 INFO  [cloud-consumer-openfeign-order] [main] com.netflix.discovery.provider.DiscoveryJerseyProvider   Using XML decoding codec XStreamXml
2020-03-22 10:13:47:063 INFO  [cloud-consumer-openfeign-order] [main] com.netflix.discovery.shared.resolver.aws.ConfigClusterResolver   Resolving eureka endpoints via configuration
2020-03-22 10:13:47:452 INFO  [cloud-consumer-openfeign-order] [main] com.netflix.discovery.DiscoveryClient   Disable delta property : false
2020-03-22 10:13:47:452 INFO  [cloud-consumer-openfeign-order] [main] com.netflix.discovery.DiscoveryClient   Single vip registry refresh property : null
2020-03-22 10:13:47:452 INFO  [cloud-consumer-openfeign-order] [main] com.netflix.discovery.DiscoveryClient   Force full registry fetch : false
2020-03-22 10:13:47:452 INFO  [cloud-consumer-openfeign-order] [main] com.netflix.discovery.DiscoveryClient   Application is null : false
2020-03-22 10:13:47:453 INFO  [cloud-consumer-openfeign-order] [main] com.netflix.discovery.DiscoveryClient   Registered Applications size is zero : true
2020-03-22 10:13:47:453 INFO  [cloud-consumer-openfeign-order] [main] com.netflix.discovery.DiscoveryClient   Application version is -1: true
2020-03-22 10:13:47:453 INFO  [cloud-consumer-openfeign-order] [main] com.netflix.discovery.DiscoveryClient   Getting all instance registry info from the eureka server
2020-03-22 10:13:49:755 INFO  [cloud-consumer-openfeign-order] [main] com.netflix.discovery.DiscoveryClient   Starting heartbeat executor: renew interval is: 30
2020-03-22 10:13:49:756 INFO  [cloud-consumer-openfeign-order] [main] com.netflix.discovery.InstanceInfoReplicator   InstanceInfoReplicator onDemand update allowed rate per min is 4
2020-03-22 10:13:49:759 INFO  [cloud-consumer-openfeign-order] [main] com.netflix.discovery.DiscoveryClient   Discovery Client initialized at timestamp 1584843229758 with initial instances count: 0
2020-03-22 10:13:49:760 INFO  [cloud-consumer-openfeign-order] [main] org.springframework.cloud.netflix.eureka.serviceregistry.EurekaServiceRegistry   Registering application CLOUD-CONSUMER-OPENFEIGN-ORDER with eureka with status UP
2020-03-22 10:13:49:761 INFO  [cloud-consumer-openfeign-order] [main] com.netflix.discovery.DiscoveryClient   Saw local status change event StatusChangeEvent [timestamp=1584843229761, current=UP, previous=STARTING]
2020-03-22 10:13:49:763 INFO  [cloud-consumer-openfeign-order] [DiscoveryClient-InstanceInfoReplicator-0] com.netflix.discovery.DiscoveryClient   DiscoveryClient_CLOUD-CONSUMER-OPENFEIGN-ORDER/orderfeign80: registering service...
2020-03-22 10:13:49:780 INFO  [cloud-consumer-openfeign-order] [main] org.apache.coyote.http11.Http11NioProtocol   Starting ProtocolHandler ["http-nio-80"]
2020-03-22 10:13:49:795 INFO  [cloud-consumer-openfeign-order] [main] org.springframework.boot.web.embedded.tomcat.TomcatWebServer   Tomcat started on port(s): 80 (http) with context path ''
2020-03-22 10:13:49:796 INFO  [cloud-consumer-openfeign-order] [main] org.springframework.cloud.netflix.eureka.serviceregistry.EurekaAutoServiceRegistration   Updating port to 80
2020-03-22 10:13:51:370 INFO  [cloud-consumer-openfeign-order] [main] org.springframework.cloud.commons.util.InetUtils   Cannot determine local hostname
2020-03-22 10:13:51:371 INFO  [cloud-consumer-openfeign-order] [main] com.czp.springcloud.OrderFeignMain80   Started OrderFeignMain80 in 15.25 seconds (JVM running for 16.224)
2020-03-22 10:13:51:940 INFO  [cloud-consumer-openfeign-order] [RMI TCP Connection(4)-192.168.137.1] org.apache.catalina.core.ContainerBase.[Tomcat].[localhost].[/]   Initializing Spring DispatcherServlet 'dispatcherServlet'
2020-03-22 10:13:51:940 INFO  [cloud-consumer-openfeign-order] [RMI TCP Connection(4)-192.168.137.1] org.springframework.web.servlet.DispatcherServlet   Initializing Servlet 'dispatcherServlet'
2020-03-22 10:13:51:945 INFO  [cloud-consumer-openfeign-order] [RMI TCP Connection(4)-192.168.137.1] org.springframework.web.servlet.DispatcherServlet   Completed initialization in 5 ms
2020-03-22 10:14:19:756 INFO  [cloud-consumer-openfeign-order] [DiscoveryClient-CacheRefreshExecutor-0] com.netflix.discovery.DiscoveryClient   Disable delta property : false
2020-03-22 10:14:19:756 INFO  [cloud-consumer-openfeign-order] [DiscoveryClient-CacheRefreshExecutor-0] com.netflix.discovery.DiscoveryClient   Single vip registry refresh property : null
2020-03-22 10:14:19:757 INFO  [cloud-consumer-openfeign-order] [DiscoveryClient-CacheRefreshExecutor-0] com.netflix.discovery.DiscoveryClient   Force full registry fetch : false
2020-03-22 10:14:19:757 INFO  [cloud-consumer-openfeign-order] [DiscoveryClient-CacheRefreshExecutor-0] com.netflix.discovery.DiscoveryClient   Application is null : false
2020-03-22 10:14:19:757 INFO  [cloud-consumer-openfeign-order] [DiscoveryClient-CacheRefreshExecutor-0] com.netflix.discovery.DiscoveryClient   Registered Applications size is zero : true
2020-03-22 10:14:19:757 INFO  [cloud-consumer-openfeign-order] [DiscoveryClient-CacheRefreshExecutor-0] com.netflix.discovery.DiscoveryClient   Application version is -1: true
2020-03-22 10:14:19:757 INFO  [cloud-consumer-openfeign-order] [DiscoveryClient-CacheRefreshExecutor-0] com.netflix.discovery.DiscoveryClient   Getting all instance registry info from the eureka server
2020-03-22 10:14:19:777 INFO  [cloud-consumer-openfeign-order] [DiscoveryClient-InstanceInfoReplicator-0] com.netflix.discovery.DiscoveryClient   DiscoveryClient_CLOUD-CONSUMER-OPENFEIGN-ORDER/orderfeign80: registering service...
2020-03-22 10:14:31:453 INFO  [cloud-consumer-openfeign-order] [main] com.czp.springcloud.OrderFeignMain80   No active profile set, falling back to default profiles: default
2020-03-22 10:14:32:051 INFO  [cloud-consumer-openfeign-order] [main] org.springframework.cloud.context.scope.GenericScope   BeanFactory id=5f8d8a0d-29b0-3172-bb0a-5fa449936352
2020-03-22 10:14:32:099 INFO  [cloud-consumer-openfeign-order] [main] org.springframework.context.support.PostProcessorRegistrationDelegate$BeanPostProcessorChecker   Bean 'com.czp.springcloud.feign.FeignOrderService' of type [org.springframework.cloud.openfeign.FeignClientFactoryBean] is not eligible for getting processed by all BeanPostProcessors (for example: not eligible for auto-proxying)
2020-03-22 10:14:32:259 INFO  [cloud-consumer-openfeign-order] [main] org.springframework.boot.web.embedded.tomcat.TomcatWebServer   Tomcat initialized with port(s): 80 (http)
2020-03-22 10:14:32:265 INFO  [cloud-consumer-openfeign-order] [main] org.apache.coyote.http11.Http11NioProtocol   Initializing ProtocolHandler ["http-nio-80"]
2020-03-22 10:14:32:266 INFO  [cloud-consumer-openfeign-order] [main] org.apache.catalina.core.StandardService   Starting service [Tomcat]
2020-03-22 10:14:32:266 INFO  [cloud-consumer-openfeign-order] [main] org.apache.catalina.core.StandardEngine   Starting Servlet engine: [Apache Tomcat/9.0.29]
2020-03-22 10:14:32:362 INFO  [cloud-consumer-openfeign-order] [main] org.apache.catalina.core.ContainerBase.[Tomcat].[localhost].[/]   Initializing Spring embedded WebApplicationContext
2020-03-22 10:14:32:362 INFO  [cloud-consumer-openfeign-order] [main] org.springframework.web.context.ContextLoader   Root WebApplicationContext: initialization completed in 894 ms
2020-03-22 10:14:32:418 INFO  [cloud-consumer-openfeign-order] [main] com.netflix.config.sources.URLConfigurationSource   To enable URLs as dynamic configuration sources, define System property archaius.configurationSource.additionalUrls or make config.properties available on classpath.
2020-03-22 10:14:32:425 INFO  [cloud-consumer-openfeign-order] [main] com.netflix.config.DynamicPropertyFactory   DynamicPropertyFactory is initialized with configuration sources: com.netflix.config.ConcurrentCompositeConfiguration@8a2a6a
2020-03-22 10:14:34:073 INFO  [cloud-consumer-openfeign-order] [main] org.springframework.cloud.commons.util.InetUtils   Cannot determine local hostname
2020-03-22 10:14:34:306 INFO  [cloud-consumer-openfeign-order] [main] com.netflix.config.sources.URLConfigurationSource   To enable URLs as dynamic configuration sources, define System property archaius.configurationSource.additionalUrls or make config.properties available on classpath.
2020-03-22 10:14:34:378 INFO  [cloud-consumer-openfeign-order] [main] org.springframework.scheduling.concurrent.ThreadPoolTaskExecutor   Initializing ExecutorService 'applicationTaskExecutor'
2020-03-22 10:14:36:093 INFO  [cloud-consumer-openfeign-order] [main] org.springframework.cloud.commons.util.InetUtils   Cannot determine local hostname
2020-03-22 10:14:37:657 INFO  [cloud-consumer-openfeign-order] [main] org.springframework.cloud.commons.util.InetUtils   Cannot determine local hostname
2020-03-22 10:14:37:715 INFO  [cloud-consumer-openfeign-order] [main] org.springframework.boot.actuate.endpoint.web.EndpointLinksResolver   Exposing 2 endpoint(s) beneath base path '/actuator'
2020-03-22 10:14:37:757 INFO  [cloud-consumer-openfeign-order] [main] org.springframework.cloud.netflix.eureka.InstanceInfoFactory   Setting initial instance status as: STARTING
2020-03-22 10:14:37:780 INFO  [cloud-consumer-openfeign-order] [main] com.netflix.discovery.DiscoveryClient   Initializing Eureka in region us-east-1
2020-03-22 10:14:38:300 INFO  [cloud-consumer-openfeign-order] [main] com.netflix.discovery.provider.DiscoveryJerseyProvider   Using JSON encoding codec LegacyJacksonJson
2020-03-22 10:14:38:301 INFO  [cloud-consumer-openfeign-order] [main] com.netflix.discovery.provider.DiscoveryJerseyProvider   Using JSON decoding codec LegacyJacksonJson
2020-03-22 10:14:38:377 INFO  [cloud-consumer-openfeign-order] [main] com.netflix.discovery.provider.DiscoveryJerseyProvider   Using XML encoding codec XStreamXml
2020-03-22 10:14:38:377 INFO  [cloud-consumer-openfeign-order] [main] com.netflix.discovery.provider.DiscoveryJerseyProvider   Using XML decoding codec XStreamXml
2020-03-22 10:14:38:490 INFO  [cloud-consumer-openfeign-order] [main] com.netflix.discovery.shared.resolver.aws.ConfigClusterResolver   Resolving eureka endpoints via configuration
2020-03-22 10:14:38:875 INFO  [cloud-consumer-openfeign-order] [main] com.netflix.discovery.DiscoveryClient   Disable delta property : false
2020-03-22 10:14:38:875 INFO  [cloud-consumer-openfeign-order] [main] com.netflix.discovery.DiscoveryClient   Single vip registry refresh property : null
2020-03-22 10:14:38:875 INFO  [cloud-consumer-openfeign-order] [main] com.netflix.discovery.DiscoveryClient   Force full registry fetch : false
2020-03-22 10:14:38:875 INFO  [cloud-consumer-openfeign-order] [main] com.netflix.discovery.DiscoveryClient   Application is null : false
2020-03-22 10:14:38:875 INFO  [cloud-consumer-openfeign-order] [main] com.netflix.discovery.DiscoveryClient   Registered Applications size is zero : true
2020-03-22 10:14:38:875 INFO  [cloud-consumer-openfeign-order] [main] com.netflix.discovery.DiscoveryClient   Application version is -1: true
2020-03-22 10:14:38:875 INFO  [cloud-consumer-openfeign-order] [main] com.netflix.discovery.DiscoveryClient   Getting all instance registry info from the eureka server
2020-03-22 10:14:38:978 INFO  [cloud-consumer-openfeign-order] [main] com.netflix.discovery.DiscoveryClient   The response status is 200
2020-03-22 10:14:38:991 INFO  [cloud-consumer-openfeign-order] [main] com.netflix.discovery.DiscoveryClient   Starting heartbeat executor: renew interval is: 30
2020-03-22 10:14:38:993 INFO  [cloud-consumer-openfeign-order] [main] com.netflix.discovery.InstanceInfoReplicator   InstanceInfoReplicator onDemand update allowed rate per min is 4
2020-03-22 10:14:38:996 INFO  [cloud-consumer-openfeign-order] [main] com.netflix.discovery.DiscoveryClient   Discovery Client initialized at timestamp 1584843278995 with initial instances count: 1
2020-03-22 10:14:38:997 INFO  [cloud-consumer-openfeign-order] [main] org.springframework.cloud.netflix.eureka.serviceregistry.EurekaServiceRegistry   Registering application CLOUD-CONSUMER-OPENFEIGN-ORDER with eureka with status UP
2020-03-22 10:14:38:997 INFO  [cloud-consumer-openfeign-order] [main] com.netflix.discovery.DiscoveryClient   Saw local status change event StatusChangeEvent [timestamp=1584843278997, current=UP, previous=STARTING]
2020-03-22 10:14:38:999 INFO  [cloud-consumer-openfeign-order] [DiscoveryClient-InstanceInfoReplicator-0] com.netflix.discovery.DiscoveryClient   DiscoveryClient_CLOUD-CONSUMER-OPENFEIGN-ORDER/orderfeign80: registering service...
2020-03-22 10:14:39:017 INFO  [cloud-consumer-openfeign-order] [main] org.apache.coyote.http11.Http11NioProtocol   Starting ProtocolHandler ["http-nio-80"]
2020-03-22 10:14:39:029 INFO  [cloud-consumer-openfeign-order] [DiscoveryClient-InstanceInfoReplicator-0] com.netflix.discovery.DiscoveryClient   DiscoveryClient_CLOUD-CONSUMER-OPENFEIGN-ORDER/orderfeign80 - registration status: 204
2020-03-22 10:14:39:034 INFO  [cloud-consumer-openfeign-order] [main] org.springframework.boot.web.embedded.tomcat.TomcatWebServer   Tomcat started on port(s): 80 (http) with context path ''
2020-03-22 10:14:39:035 INFO  [cloud-consumer-openfeign-order] [main] org.springframework.cloud.netflix.eureka.serviceregistry.EurekaAutoServiceRegistration   Updating port to 80
2020-03-22 10:14:40:606 INFO  [cloud-consumer-openfeign-order] [main] org.springframework.cloud.commons.util.InetUtils   Cannot determine local hostname
2020-03-22 10:14:40:607 INFO  [cloud-consumer-openfeign-order] [main] com.czp.springcloud.OrderFeignMain80   Started OrderFeignMain80 in 13.27 seconds (JVM running for 14.594)
2020-03-22 10:14:41:239 INFO  [cloud-consumer-openfeign-order] [RMI TCP Connection(4)-192.168.137.1] org.apache.catalina.core.ContainerBase.[Tomcat].[localhost].[/]   Initializing Spring DispatcherServlet 'dispatcherServlet'
2020-03-22 10:14:41:239 INFO  [cloud-consumer-openfeign-order] [RMI TCP Connection(4)-192.168.137.1] org.springframework.web.servlet.DispatcherServlet   Initializing Servlet 'dispatcherServlet'
2020-03-22 10:14:41:245 INFO  [cloud-consumer-openfeign-order] [RMI TCP Connection(4)-192.168.137.1] org.springframework.web.servlet.DispatcherServlet   Completed initialization in 6 ms
2020-03-22 10:15:30:976 INFO  [cloud-consumer-openfeign-order] [http-nio-80-exec-9] com.netflix.config.ChainedDynamicProperty   Flipping property: cloud-payment-service.ribbon.ActiveConnectionsLimit to use NEXT property: niws.loadbalancer.availabilityFilteringRule.activeConnectionsLimit = 2147483647
2020-03-22 10:15:30:999 INFO  [cloud-consumer-openfeign-order] [http-nio-80-exec-9] com.netflix.util.concurrent.ShutdownEnabledTimer   Shutdown hook installed for: NFLoadBalancer-PingTimer-cloud-payment-service
2020-03-22 10:15:30:999 INFO  [cloud-consumer-openfeign-order] [http-nio-80-exec-9] com.netflix.loadbalancer.BaseLoadBalancer   Client: cloud-payment-service instantiated a LoadBalancer: DynamicServerListLoadBalancer:{NFLoadBalancer:name=cloud-payment-service,current list of Servers=[],Load balancer stats=Zone stats: {},Server stats: []}ServerList:null
2020-03-22 10:15:31:004 INFO  [cloud-consumer-openfeign-order] [http-nio-80-exec-9] com.netflix.loadbalancer.DynamicServerListLoadBalancer   Using serverListUpdater PollingServerListUpdater
2020-03-22 10:15:31:022 INFO  [cloud-consumer-openfeign-order] [http-nio-80-exec-9] com.netflix.config.ChainedDynamicProperty   Flipping property: cloud-payment-service.ribbon.ActiveConnectionsLimit to use NEXT property: niws.loadbalancer.availabilityFilteringRule.activeConnectionsLimit = 2147483647
2020-03-22 10:15:31:023 INFO  [cloud-consumer-openfeign-order] [http-nio-80-exec-9] com.netflix.loadbalancer.DynamicServerListLoadBalancer   DynamicServerListLoadBalancer for client cloud-payment-service initialized: DynamicServerListLoadBalancer:{NFLoadBalancer:name=cloud-payment-service,current list of Servers=[192.168.199.1:8001],Load balancer stats=Zone stats: {defaultzone=[Zone:defaultzone;	Instance count:1;	Active connections count: 0;	Circuit breaker tripped count: 0;	Active connections per server: 0.0;]
},Server stats: [[Server:192.168.199.1:8001;	Zone:defaultZone;	Total Requests:0;	Successive connection failure:0;	Total blackout seconds:0;	Last connection made:Thu Jan 01 08:00:00 CST 1970;	First connection made: Thu Jan 01 08:00:00 CST 1970;	Active Connections:0;	total failure count in last (1000) msecs:0;	average resp time:0.0;	90 percentile resp time:0.0;	95 percentile resp time:0.0;	min resp time:0.0;	max resp time:0.0;	stddev resp time:0.0]
]}ServerList:org.springframework.cloud.netflix.ribbon.eureka.DomainExtractingServerList@428906eb
2020-03-22 10:15:32:008 INFO  [cloud-consumer-openfeign-order] [PollingServerListUpdater-0] com.netflix.config.ChainedDynamicProperty   Flipping property: cloud-payment-service.ribbon.ActiveConnectionsLimit to use NEXT property: niws.loadbalancer.availabilityFilteringRule.activeConnectionsLimit = 2147483647
2020-03-22 10:19:38:877 INFO  [cloud-consumer-openfeign-order] [AsyncResolver-bootstrap-executor-0] com.netflix.discovery.shared.resolver.aws.ConfigClusterResolver   Resolving eureka endpoints via configuration
2020-03-22 10:24:38:879 INFO  [cloud-consumer-openfeign-order] [AsyncResolver-bootstrap-executor-0] com.netflix.discovery.shared.resolver.aws.ConfigClusterResolver   Resolving eureka endpoints via configuration
2020-03-22 10:29:38:880 INFO  [cloud-consumer-openfeign-order] [AsyncResolver-bootstrap-executor-0] com.netflix.discovery.shared.resolver.aws.ConfigClusterResolver   Resolving eureka endpoints via configuration
2020-03-22 10:34:38:881 INFO  [cloud-consumer-openfeign-order] [AsyncResolver-bootstrap-executor-0] com.netflix.discovery.shared.resolver.aws.ConfigClusterResolver   Resolving eureka endpoints via configuration
2020-03-22 10:39:38:882 INFO  [cloud-consumer-openfeign-order] [AsyncResolver-bootstrap-executor-0] com.netflix.discovery.shared.resolver.aws.ConfigClusterResolver   Resolving eureka endpoints via configuration
2020-03-22 10:44:38:883 INFO  [cloud-consumer-openfeign-order] [AsyncResolver-bootstrap-executor-0] com.netflix.discovery.shared.resolver.aws.ConfigClusterResolver   Resolving eureka endpoints via configuration
2020-03-22 10:49:38:884 INFO  [cloud-consumer-openfeign-order] [AsyncResolver-bootstrap-executor-0] com.netflix.discovery.shared.resolver.aws.ConfigClusterResolver   Resolving eureka endpoints via configuration
2020-03-22 10:54:38:886 INFO  [cloud-consumer-openfeign-order] [AsyncResolver-bootstrap-executor-0] com.netflix.discovery.shared.resolver.aws.ConfigClusterResolver   Resolving eureka endpoints via configuration
2020-03-22 10:59:38:888 INFO  [cloud-consumer-openfeign-order] [AsyncResolver-bootstrap-executor-0] com.netflix.discovery.shared.resolver.aws.ConfigClusterResolver   Resolving eureka endpoints via configuration
2020-03-22 11:04:38:888 INFO  [cloud-consumer-openfeign-order] [AsyncResolver-bootstrap-executor-0] com.netflix.discovery.shared.resolver.aws.ConfigClusterResolver   Resolving eureka endpoints via configuration
2020-03-22 11:09:38:889 INFO  [cloud-consumer-openfeign-order] [AsyncResolver-bootstrap-executor-0] com.netflix.discovery.shared.resolver.aws.ConfigClusterResolver   Resolving eureka endpoints via configuration
2020-03-22 11:14:38:891 INFO  [cloud-consumer-openfeign-order] [AsyncResolver-bootstrap-executor-0] com.netflix.discovery.shared.resolver.aws.ConfigClusterResolver   Resolving eureka endpoints via configuration
2020-03-22 11:19:38:892 INFO  [cloud-consumer-openfeign-order] [AsyncResolver-bootstrap-executor-0] com.netflix.discovery.shared.resolver.aws.ConfigClusterResolver   Resolving eureka endpoints via configuration
2020-03-22 11:24:38:894 INFO  [cloud-consumer-openfeign-order] [AsyncResolver-bootstrap-executor-0] com.netflix.discovery.shared.resolver.aws.ConfigClusterResolver   Resolving eureka endpoints via configuration
2020-03-22 11:29:38:896 INFO  [cloud-consumer-openfeign-order] [AsyncResolver-bootstrap-executor-0] com.netflix.discovery.shared.resolver.aws.ConfigClusterResolver   Resolving eureka endpoints via configuration
2020-03-22 11:34:38:896 INFO  [cloud-consumer-openfeign-order] [AsyncResolver-bootstrap-executor-0] com.netflix.discovery.shared.resolver.aws.ConfigClusterResolver   Resolving eureka endpoints via configuration
2020-03-22 11:39:38:898 INFO  [cloud-consumer-openfeign-order] [AsyncResolver-bootstrap-executor-0] com.netflix.discovery.shared.resolver.aws.ConfigClusterResolver   Resolving eureka endpoints via configuration
2020-03-22 11:44:38:900 INFO  [cloud-consumer-openfeign-order] [AsyncResolver-bootstrap-executor-0] com.netflix.discovery.shared.resolver.aws.ConfigClusterResolver   Resolving eureka endpoints via configuration
2020-03-22 11:49:38:901 INFO  [cloud-consumer-openfeign-order] [AsyncResolver-bootstrap-executor-0] com.netflix.discovery.shared.resolver.aws.ConfigClusterResolver   Resolving eureka endpoints via configuration
2020-03-22 11:54:38:901 INFO  [cloud-consumer-openfeign-order] [AsyncResolver-bootstrap-executor-0] com.netflix.discovery.shared.resolver.aws.ConfigClusterResolver   Resolving eureka endpoints via configuration
2020-03-22 11:59:38:903 INFO  [cloud-consumer-openfeign-order] [AsyncResolver-bootstrap-executor-0] com.netflix.discovery.shared.resolver.aws.ConfigClusterResolver   Resolving eureka endpoints via configuration
2020-03-22 12:04:38:904 INFO  [cloud-consumer-openfeign-order] [AsyncResolver-bootstrap-executor-0] com.netflix.discovery.shared.resolver.aws.ConfigClusterResolver   Resolving eureka endpoints via configuration
2020-03-22 12:09:38:905 INFO  [cloud-consumer-openfeign-order] [AsyncResolver-bootstrap-executor-0] com.netflix.discovery.shared.resolver.aws.ConfigClusterResolver   Resolving eureka endpoints via configuration
2020-03-22 12:14:38:908 INFO  [cloud-consumer-openfeign-order] [AsyncResolver-bootstrap-executor-0] com.netflix.discovery.shared.resolver.aws.ConfigClusterResolver   Resolving eureka endpoints via configuration
2020-03-22 12:19:38:909 INFO  [cloud-consumer-openfeign-order] [AsyncResolver-bootstrap-executor-0] com.netflix.discovery.shared.resolver.aws.ConfigClusterResolver   Resolving eureka endpoints via configuration
2020-03-22 12:24:38:909 INFO  [cloud-consumer-openfeign-order] [AsyncResolver-bootstrap-executor-0] com.netflix.discovery.shared.resolver.aws.ConfigClusterResolver   Resolving eureka endpoints via configuration
2020-03-22 12:29:38:912 INFO  [cloud-consumer-openfeign-order] [AsyncResolver-bootstrap-executor-0] com.netflix.discovery.shared.resolver.aws.ConfigClusterResolver   Resolving eureka endpoints via configuration
2020-03-22 12:34:38:913 INFO  [cloud-consumer-openfeign-order] [AsyncResolver-bootstrap-executor-0] com.netflix.discovery.shared.resolver.aws.ConfigClusterResolver   Resolving eureka endpoints via configuration
2020-03-22 12:39:38:914 INFO  [cloud-consumer-openfeign-order] [AsyncResolver-bootstrap-executor-0] com.netflix.discovery.shared.resolver.aws.ConfigClusterResolver   Resolving eureka endpoints via configuration
2020-03-22 12:44:38:915 INFO  [cloud-consumer-openfeign-order] [AsyncResolver-bootstrap-executor-0] com.netflix.discovery.shared.resolver.aws.ConfigClusterResolver   Resolving eureka endpoints via configuration
2020-03-22 12:49:38:917 INFO  [cloud-consumer-openfeign-order] [AsyncResolver-bootstrap-executor-0] com.netflix.discovery.shared.resolver.aws.ConfigClusterResolver   Resolving eureka endpoints via configuration
2020-03-22 12:54:43:529 INFO  [cloud-consumer-openfeign-order] [AsyncResolver-bootstrap-executor-0] com.netflix.discovery.shared.resolver.aws.ConfigClusterResolver   Resolving eureka endpoints via configuration
2020-03-22 12:59:43:530 INFO  [cloud-consumer-openfeign-order] [AsyncResolver-bootstrap-executor-0] com.netflix.discovery.shared.resolver.aws.ConfigClusterResolver   Resolving eureka endpoints via configuration
2020-03-22 13:04:43:532 INFO  [cloud-consumer-openfeign-order] [AsyncResolver-bootstrap-executor-0] com.netflix.discovery.shared.resolver.aws.ConfigClusterResolver   Resolving eureka endpoints via configuration
2020-03-22 13:09:43:533 INFO  [cloud-consumer-openfeign-order] [AsyncResolver-bootstrap-executor-0] com.netflix.discovery.shared.resolver.aws.ConfigClusterResolver   Resolving eureka endpoints via configuration
2020-03-22 13:14:43:534 INFO  [cloud-consumer-openfeign-order] [AsyncResolver-bootstrap-executor-0] com.netflix.discovery.shared.resolver.aws.ConfigClusterResolver   Resolving eureka endpoints via configuration
2020-03-22 13:19:43:536 INFO  [cloud-consumer-openfeign-order] [AsyncResolver-bootstrap-executor-0] com.netflix.discovery.shared.resolver.aws.ConfigClusterResolver   Resolving eureka endpoints via configuration
2020-03-22 13:24:43:537 INFO  [cloud-consumer-openfeign-order] [AsyncResolver-bootstrap-executor-0] com.netflix.discovery.shared.resolver.aws.ConfigClusterResolver   Resolving eureka endpoints via configuration
2020-03-22 13:29:43:538 INFO  [cloud-consumer-openfeign-order] [AsyncResolver-bootstrap-executor-0] com.netflix.discovery.shared.resolver.aws.ConfigClusterResolver   Resolving eureka endpoints via configuration
2020-03-22 13:34:43:540 INFO  [cloud-consumer-openfeign-order] [AsyncResolver-bootstrap-executor-0] com.netflix.discovery.shared.resolver.aws.ConfigClusterResolver   Resolving eureka endpoints via configuration
2020-03-22 13:39:43:541 INFO  [cloud-consumer-openfeign-order] [AsyncResolver-bootstrap-executor-0] com.netflix.discovery.shared.resolver.aws.ConfigClusterResolver   Resolving eureka endpoints via configuration
2020-03-22 13:44:43:543 INFO  [cloud-consumer-openfeign-order] [AsyncResolver-bootstrap-executor-0] com.netflix.discovery.shared.resolver.aws.ConfigClusterResolver   Resolving eureka endpoints via configuration
2020-03-22 13:49:43:544 INFO  [cloud-consumer-openfeign-order] [AsyncResolver-bootstrap-executor-0] com.netflix.discovery.shared.resolver.aws.ConfigClusterResolver   Resolving eureka endpoints via configuration
2020-03-22 13:54:43:545 INFO  [cloud-consumer-openfeign-order] [AsyncResolver-bootstrap-executor-0] com.netflix.discovery.shared.resolver.aws.ConfigClusterResolver   Resolving eureka endpoints via configuration
2020-03-22 13:59:43:547 INFO  [cloud-consumer-openfeign-order] [AsyncResolver-bootstrap-executor-0] com.netflix.discovery.shared.resolver.aws.ConfigClusterResolver   Resolving eureka endpoints via configuration
2020-03-22 14:04:43:548 INFO  [cloud-consumer-openfeign-order] [AsyncResolver-bootstrap-executor-0] com.netflix.discovery.shared.resolver.aws.ConfigClusterResolver   Resolving eureka endpoints via configuration
2020-03-22 14:09:43:549 INFO  [cloud-consumer-openfeign-order] [AsyncResolver-bootstrap-executor-0] com.netflix.discovery.shared.resolver.aws.ConfigClusterResolver   Resolving eureka endpoints via configuration
2020-03-22 14:14:43:550 INFO  [cloud-consumer-openfeign-order] [AsyncResolver-bootstrap-executor-0] com.netflix.discovery.shared.resolver.aws.ConfigClusterResolver   Resolving eureka endpoints via configuration
2020-03-22 14:19:43:552 INFO  [cloud-consumer-openfeign-order] [AsyncResolver-bootstrap-executor-0] com.netflix.discovery.shared.resolver.aws.ConfigClusterResolver   Resolving eureka endpoints via configuration
2020-03-22 21:09:26:307 INFO  [cloud-consumer-openfeign-order] [AsyncResolver-bootstrap-executor-0] com.netflix.discovery.shared.resolver.aws.ConfigClusterResolver   Resolving eureka endpoints via configuration
2020-03-22 21:14:26:308 INFO  [cloud-consumer-openfeign-order] [AsyncResolver-bootstrap-executor-0] com.netflix.discovery.shared.resolver.aws.ConfigClusterResolver   Resolving eureka endpoints via configuration
2020-03-22 21:19:26:311 INFO  [cloud-consumer-openfeign-order] [AsyncResolver-bootstrap-executor-0] com.netflix.discovery.shared.resolver.aws.ConfigClusterResolver   Resolving eureka endpoints via configuration
2020-03-22 21:24:26:312 INFO  [cloud-consumer-openfeign-order] [AsyncResolver-bootstrap-executor-0] com.netflix.discovery.shared.resolver.aws.ConfigClusterResolver   Resolving eureka endpoints via configuration
2020-03-22 21:29:26:314 INFO  [cloud-consumer-openfeign-order] [AsyncResolver-bootstrap-executor-0] com.netflix.discovery.shared.resolver.aws.ConfigClusterResolver   Resolving eureka endpoints via configuration
2020-03-22 21:34:26:315 INFO  [cloud-consumer-openfeign-order] [AsyncResolver-bootstrap-executor-0] com.netflix.discovery.shared.resolver.aws.ConfigClusterResolver   Resolving eureka endpoints via configuration
2020-03-22 21:39:26:316 INFO  [cloud-consumer-openfeign-order] [AsyncResolver-bootstrap-executor-0] com.netflix.discovery.shared.resolver.aws.ConfigClusterResolver   Resolving eureka endpoints via configuration
2020-03-22 21:44:26:317 INFO  [cloud-consumer-openfeign-order] [AsyncResolver-bootstrap-executor-0] com.netflix.discovery.shared.resolver.aws.ConfigClusterResolver   Resolving eureka endpoints via configuration
2020-03-22 21:49:26:319 INFO  [cloud-consumer-openfeign-order] [AsyncResolver-bootstrap-executor-0] com.netflix.discovery.shared.resolver.aws.ConfigClusterResolver   Resolving eureka endpoints via configuration
2020-03-22 21:54:26:320 INFO  [cloud-consumer-openfeign-order] [AsyncResolver-bootstrap-executor-0] com.netflix.discovery.shared.resolver.aws.ConfigClusterResolver   Resolving eureka endpoints via configuration
2020-03-22 21:59:26:322 INFO  [cloud-consumer-openfeign-order] [AsyncResolver-bootstrap-executor-0] com.netflix.discovery.shared.resolver.aws.ConfigClusterResolver   Resolving eureka endpoints via configuration
2020-03-22 22:04:26:323 INFO  [cloud-consumer-openfeign-order] [AsyncResolver-bootstrap-executor-0] com.netflix.discovery.shared.resolver.aws.ConfigClusterResolver   Resolving eureka endpoints via configuration
2020-03-22 22:09:26:324 INFO  [cloud-consumer-openfeign-order] [AsyncResolver-bootstrap-executor-0] com.netflix.discovery.shared.resolver.aws.ConfigClusterResolver   Resolving eureka endpoints via configuration
2020-03-22 22:14:26:325 INFO  [cloud-consumer-openfeign-order] [AsyncResolver-bootstrap-executor-0] com.netflix.discovery.shared.resolver.aws.ConfigClusterResolver   Resolving eureka endpoints via configuration
2020-03-22 22:19:26:326 INFO  [cloud-consumer-openfeign-order] [AsyncResolver-bootstrap-executor-0] com.netflix.discovery.shared.resolver.aws.ConfigClusterResolver   Resolving eureka endpoints via configuration
2020-03-22 22:24:26:327 INFO  [cloud-consumer-openfeign-order] [AsyncResolver-bootstrap-executor-0] com.netflix.discovery.shared.resolver.aws.ConfigClusterResolver   Resolving eureka endpoints via configuration
2020-03-22 22:29:26:329 INFO  [cloud-consumer-openfeign-order] [AsyncResolver-bootstrap-executor-0] com.netflix.discovery.shared.resolver.aws.ConfigClusterResolver   Resolving eureka endpoints via configuration
2020-03-22 22:34:26:330 INFO  [cloud-consumer-openfeign-order] [AsyncResolver-bootstrap-executor-0] com.netflix.discovery.shared.resolver.aws.ConfigClusterResolver   Resolving eureka endpoints via configuration
2020-03-22 22:39:26:332 INFO  [cloud-consumer-openfeign-order] [AsyncResolver-bootstrap-executor-0] com.netflix.discovery.shared.resolver.aws.ConfigClusterResolver   Resolving eureka endpoints via configuration
2020-03-22 22:44:26:333 INFO  [cloud-consumer-openfeign-order] [AsyncResolver-bootstrap-executor-0] com.netflix.discovery.shared.resolver.aws.ConfigClusterResolver   Resolving eureka endpoints via configuration
2020-03-22 22:49:26:334 INFO  [cloud-consumer-openfeign-order] [AsyncResolver-bootstrap-executor-0] com.netflix.discovery.shared.resolver.aws.ConfigClusterResolver   Resolving eureka endpoints via configuration
2020-03-22 22:54:26:336 INFO  [cloud-consumer-openfeign-order] [AsyncResolver-bootstrap-executor-0] com.netflix.discovery.shared.resolver.aws.ConfigClusterResolver   Resolving eureka endpoints via configuration
2020-03-22 22:59:26:337 INFO  [cloud-consumer-openfeign-order] [AsyncResolver-bootstrap-executor-0] com.netflix.discovery.shared.resolver.aws.ConfigClusterResolver   Resolving eureka endpoints via configuration
2020-03-22 23:04:26:338 INFO  [cloud-consumer-openfeign-order] [AsyncResolver-bootstrap-executor-0] com.netflix.discovery.shared.resolver.aws.ConfigClusterResolver   Resolving eureka endpoints via configuration
2020-03-22 23:09:26:339 INFO  [cloud-consumer-openfeign-order] [AsyncResolver-bootstrap-executor-0] com.netflix.discovery.shared.resolver.aws.ConfigClusterResolver   Resolving eureka endpoints via configuration
2020-03-22 23:14:26:340 INFO  [cloud-consumer-openfeign-order] [AsyncResolver-bootstrap-executor-0] com.netflix.discovery.shared.resolver.aws.ConfigClusterResolver   Resolving eureka endpoints via configuration
2020-03-22 23:19:26:342 INFO  [cloud-consumer-openfeign-order] [AsyncResolver-bootstrap-executor-0] com.netflix.discovery.shared.resolver.aws.ConfigClusterResolver   Resolving eureka endpoints via configuration
2020-03-22 23:24:26:343 INFO  [cloud-consumer-openfeign-order] [AsyncResolver-bootstrap-executor-0] com.netflix.discovery.shared.resolver.aws.ConfigClusterResolver   Resolving eureka endpoints via configuration
2020-03-22 23:29:26:344 INFO  [cloud-consumer-openfeign-order] [AsyncResolver-bootstrap-executor-0] com.netflix.discovery.shared.resolver.aws.ConfigClusterResolver   Resolving eureka endpoints via configuration
2020-03-22 23:34:26:346 INFO  [cloud-consumer-openfeign-order] [AsyncResolver-bootstrap-executor-0] com.netflix.discovery.shared.resolver.aws.ConfigClusterResolver   Resolving eureka endpoints via configuration
2020-03-22 23:39:26:347 INFO  [cloud-consumer-openfeign-order] [AsyncResolver-bootstrap-executor-0] com.netflix.discovery.shared.resolver.aws.ConfigClusterResolver   Resolving eureka endpoints via configuration
2020-03-22 23:44:26:348 INFO  [cloud-consumer-openfeign-order] [AsyncResolver-bootstrap-executor-0] com.netflix.discovery.shared.resolver.aws.ConfigClusterResolver   Resolving eureka endpoints via configuration
2020-03-22 23:49:26:349 INFO  [cloud-consumer-openfeign-order] [AsyncResolver-bootstrap-executor-0] com.netflix.discovery.shared.resolver.aws.ConfigClusterResolver   Resolving eureka endpoints via configuration
2020-03-22 23:54:26:351 INFO  [cloud-consumer-openfeign-order] [AsyncResolver-bootstrap-executor-0] com.netflix.discovery.shared.resolver.aws.ConfigClusterResolver   Resolving eureka endpoints via configuration
2020-03-22 23:59:26:353 INFO  [cloud-consumer-openfeign-order] [AsyncResolver-bootstrap-executor-0] com.netflix.discovery.shared.resolver.aws.ConfigClusterResolver   Resolving eureka endpoints via configuration
